<?xml version="1.0" encoding="UTF-8"?>
<testsuite xmlns:xsi="http://www.w3.org/2001/XMLSchema-instance" xsi:noNamespaceSchemaLocation="https://maven.apache.org/surefire/maven-surefire-plugin/xsd/surefire-test-report-3.0.xsd" version="3.0" name="TestSuite" time="3,357.549" tests="65" errors="0" skipped="2" failures="9">
  <properties>
[...]
</properties>
  <testcase name="validate_title_test" classname="web_tests.MainPageTests" time="0.272">
    <system-err><![CDATA[Nov 16, 2023 6:02:44 PM org.openqa.selenium.remote.tracing.opentelemetry.OpenTelemetryTracer createTracer
INFO: Using OpenTelemetry for tracing
SLF4J: No SLF4J providers were found.
SLF4J: Defaulting to no-operation (NOP) logger implementation
SLF4J: See https://www.slf4j.org/codes.html#noProviders for further details.
]]></system-err>
  </testcase>
  <testcase name="validate_title_test" classname="web_tests.MainPageTests" time="0.013"/>
  <testcase name="validate_title_test" classname="web_tests.MainPageTests" time="0.324"/>
  <testcase name="validate_title_test" classname="web_tests.MainPageTests" time="0.305"/>
  <testcase name="validate_title_test" classname="web_tests.MainPageTests" time="0.376"/>
  <testcase name="validate_title_test" classname="web_tests.MainPageTests" time="0.008"/>
  <testcase name="validate_title_test" classname="web_tests.MainPageTests" time="0.131"/>
  <testcase name="validate_title_test" classname="web_tests.MainPageTests" time="0.057"/>
  <testcase name="validate_title_test" classname="web_tests.MainPageTests" time="0.716"/>
  <testcase name="validate_title_test" classname="web_tests.MainPageTests" time="0.284"/>
  <testcase name="validate_title_test" classname="web_tests.MainPageTests" time="0.4"/>
  <testcase name="validate_title_test" classname="web_tests.MainPageTests" time="0.526"/>
  <testcase name="validate_title_test" classname="web_tests.MainPageTests" time="1.007"/>
  <testcase name="validate_title_test" classname="web_tests.MainPageTests" time="1.111"/>
  <testcase name="validate_title_test" classname="web_tests.MainPageTests" time="0.154"/>
  <testcase name="validate_title_test" classname="web_tests.MainPageTests" time="0.275"/>
  <testcase name="validate_title_test" classname="web_tests.MainPageTests" time="0.881"/>
  <testcase name="validate_title_test" classname="web_tests.MainPageTests" time="1.122"/>
  <testcase name="validate_title_test" classname="web_tests.MainPageTests" time="1.178"/>
  <testcase name="validate_title_test" classname="web_tests.MainPageTests" time="1.179"/>
  <testcase name="validate_title_test" classname="web_tests.MainPageTests" time="1.944"/>
  <testcase name="validate_title_test" classname="web_tests.MainPageTests" time="2.745"/>
  <testcase name="validate_title_test" classname="web_tests.MainPageTests" time="0.015"/>
  <testcase name="validate_title_test" classname="web_tests.MainPageTests" time="0.627"/>
  <testcase name="validate_title_test" classname="web_tests.MainPageTests" time="0.321"/>
  <testcase name="validate_title_test" classname="web_tests.MainPageTests" time="0.861"/>
  <testcase name="validate_title_test" classname="web_tests.MainPageTests" time="1.156"/>
  <testcase name="validate_title_test" classname="web_tests.MainPageTests" time="0.185"/>
  <testcase name="validate_title_test" classname="web_tests.MainPageTests" time="0.439"/>
  <testcase name="validate_title_test" classname="web_tests.MainPageTests" time="0.521"/>
  <testcase name="validate_user_payment_test" classname="web_tests.PaymentTests" time="0.338"/>
  <testcase name="validate_user_payment_test" classname="web_tests.PaymentTests" time="1.84"/>
  <testcase name="validate_user_payment_test" classname="web_tests.PaymentTests" time="3.137"/>
  <testcase name="validate_user_payment_test" classname="web_tests.PaymentTests" time="3.949"/>
  <testcase name="validate_user_payment_test" classname="web_tests.PaymentTests" time="3.976"/>
  <testcase name="validate_user_payment_test" classname="web_tests.PaymentTests" time="0.512"/>
  <testcase name="validate_user_payment_test" classname="web_tests.PaymentTests" time="2.283"/>
  <testcase name="validate_user_payment_test" classname="web_tests.PaymentTests" time="3.157"/>
  <testcase name="validate_user_payment_test" classname="web_tests.PaymentTests" time="6.215"/>
  <testcase name="validate_user_payment_test" classname="web_tests.PaymentTests" time="6.966"/>
  <testcase name="validate_user_payment_test" classname="web_tests.PaymentTests" time="14.349"/>
  <testcase name="validate_user_payment_test" classname="web_tests.PaymentTests" time="1.239"/>
  <testcase name="validate_user_payment_test" classname="web_tests.PaymentTests" time="7.106"/>
  <testcase name="validate_user_payment_test" classname="web_tests.PaymentTests" time="11.851"/>
  <testcase name="validate_user_payment_test" classname="web_tests.PaymentTests" time="14.199"/>
  <testcase name="validate_user_payment_test" classname="web_tests.PaymentTests" time="19.05"/>
  <testcase name="validate_user_payment_test" classname="web_tests.PaymentTests" time="20.335"/>
  <testcase name="validate_user_payment_test" classname="web_tests.PaymentTests" time="21.22"/>
  <testcase name="validate_user_payment_test" classname="web_tests.PaymentTests" time="24.616"/>
  <testcase name="validate_user_payment_test" classname="web_tests.PaymentTests" time="6.886">
    <failure message="java.util.concurrent.TimeoutException&#10;Build info: version: &apos;4.15.0&apos;, revision: &apos;1d14b5521b&apos;&#10;System info: os.name: &apos;Mac OS X&apos;, os.arch: &apos;x86_64&apos;, os.version: &apos;14.0&apos;, java.version: &apos;21.0.1&apos;&#10;Driver info: org.openqa.selenium.remote.RemoteWebDriver&#10;Command: [daf851fb-04aa-4d33-b39a-a00ebdf6d386, findElement {using=id, value=country-arrow}]&#10;Capabilities {acceptInsecureCerts: false, agentName: sgdemo-selmac-01, browserName: firefox, browserVersion: 118.0.2, experitest:testName: validate_user_payment_test, moz:accessibilityChecks: false, moz:buildID: 20231009140911, moz:debuggerAddress: 127.0.0.1:58869, moz:geckodriverVersion: 0.33.0, moz:headless: false, moz:platformVersion: 22.2.0, moz:processID: 79685, moz:profile: /var/folders/xg/___n2mbn5xs..., moz:shutdownTimeout: 60000, moz:webdriverClick: true, moz:windowless: false, pageLoadStrategy: normal, platformName: mac, proxy: Proxy(), reportTestId: 1072, reportUrl: https://uscloud.experitest...., se:cdp: wss://sgregion.experitest.c..., se:cdpVersion: 118.0.2, sessionId: daf851fb-04aa-4d33-b39a-a00..., setWindowRect: true, strictFileInteractability: false, timeouts: {implicit: 0, pageLoad: 300000, script: 30000}, unhandledPromptBehavior: dismiss and notify, viewUrl: https://sgregion.experitest...}&#10;Session ID: daf851fb-04aa-4d33-b39a-a00ebdf6d386" type="org.openqa.selenium.TimeoutException"><![CDATA[org.openqa.selenium.TimeoutException: 
java.util.concurrent.TimeoutException
Build info: version: '4.15.0', revision: '1d14b5521b'
System info: os.name: 'Mac OS X', os.arch: 'x86_64', os.version: '14.0', java.version: '21.0.1'
Driver info: org.openqa.selenium.remote.RemoteWebDriver
Command: [daf851fb-04aa-4d33-b39a-a00ebdf6d386, findElement {using=id, value=country-arrow}]
Capabilities {acceptInsecureCerts: false, agentName: sgdemo-selmac-01, browserName: firefox, browserVersion: 118.0.2, experitest:testName: validate_user_payment_test, moz:accessibilityChecks: false, moz:buildID: 20231009140911, moz:debuggerAddress: 127.0.0.1:58869, moz:geckodriverVersion: 0.33.0, moz:headless: false, moz:platformVersion: 22.2.0, moz:processID: 79685, moz:profile: /var/folders/xg/___n2mbn5xs..., moz:shutdownTimeout: 60000, moz:webdriverClick: true, moz:windowless: false, pageLoadStrategy: normal, platformName: mac, proxy: Proxy(), reportTestId: 1072, reportUrl: https://uscloud.experitest...., se:cdp: wss://sgregion.experitest.c..., se:cdpVersion: 118.0.2, sessionId: daf851fb-04aa-4d33-b39a-a00..., setWindowRect: true, strictFileInteractability: false, timeouts: {implicit: 0, pageLoad: 300000, script: 30000}, unhandledPromptBehavior: dismiss and notify, viewUrl: https://sgregion.experitest...}
Session ID: daf851fb-04aa-4d33-b39a-a00ebdf6d386
	at org.openqa.selenium.remote.http.netty.NettyHttpHandler.makeCall(NettyHttpHandler.java:65)
	at org.openqa.selenium.remote.http.AddSeleniumUserAgent.lambda$apply$0(AddSeleniumUserAgent.java:42)
	at org.openqa.selenium.remote.http.Filter.lambda$andFinally$1(Filter.java:55)
	at org.openqa.selenium.remote.http.netty.NettyHttpHandler.execute(NettyHttpHandler.java:48)
	at org.openqa.selenium.remote.http.AddSeleniumUserAgent.lambda$apply$0(AddSeleniumUserAgent.java:42)
	at org.openqa.selenium.remote.http.Filter.lambda$andFinally$1(Filter.java:55)
	at org.openqa.selenium.remote.http.netty.NettyClient.execute(NettyClient.java:97)
	at org.openqa.selenium.remote.tracing.TracedHttpClient.execute(TracedHttpClient.java:54)
	at org.openqa.selenium.remote.HttpCommandExecutor.execute(HttpCommandExecutor.java:188)
	at org.openqa.selenium.remote.TracedCommandExecutor.execute(TracedCommandExecutor.java:51)
	at org.openqa.selenium.remote.RemoteWebDriver.execute(RemoteWebDriver.java:531)
	at org.openqa.selenium.remote.ElementLocation$ElementFinder$2.findElement(ElementLocation.java:165)
	at org.openqa.selenium.remote.ElementLocation.findElement(ElementLocation.java:66)
	at org.openqa.selenium.remote.RemoteWebDriver.findElement(RemoteWebDriver.java:350)
	at org.openqa.selenium.remote.RemoteWebDriver.findElement(RemoteWebDriver.java:344)
	at web_tests.PaymentTests.validate_user_payment_test(PaymentTests.java:51)
	at java.base/jdk.internal.reflect.DirectMethodHandleAccessor.invoke(DirectMethodHandleAccessor.java:103)
	at java.base/java.lang.reflect.Method.invoke(Method.java:580)
	at org.testng.internal.MethodInvocationHelper.invokeMethod(MethodInvocationHelper.java:133)
	at org.testng.internal.TestInvoker.invokeMethod(TestInvoker.java:598)
	at org.testng.internal.TestInvoker.invokeTestMethod(TestInvoker.java:173)
	at org.testng.internal.MethodRunner.runInSequence(MethodRunner.java:46)
	at org.testng.internal.TestInvoker$MethodInvocationAgent.invoke(TestInvoker.java:824)
	at org.testng.internal.TestInvoker.invokeTestMethods(TestInvoker.java:146)
	at org.testng.internal.TestMethodWorker.invokeTestMethods(TestMethodWorker.java:146)
	at org.testng.internal.TestMethodWorker.run(TestMethodWorker.java:128)
	at java.base/java.util.ArrayList.forEach(ArrayList.java:1596)
	at org.testng.TestRunner.privateRun(TestRunner.java:794)
	at org.testng.TestRunner.run(TestRunner.java:596)
	at org.testng.SuiteRunner.runTest(SuiteRunner.java:377)
	at org.testng.SuiteRunner.access$000(SuiteRunner.java:28)
	at org.testng.SuiteRunner$SuiteWorker.run(SuiteRunner.java:418)
	at org.testng.internal.thread.ThreadUtil.lambda$execute$0(ThreadUtil.java:64)
	at java.base/java.util.concurrent.FutureTask.run(FutureTask.java:317)
	at java.base/java.util.concurrent.ThreadPoolExecutor.runWorker(ThreadPoolExecutor.java:1144)
	at java.base/java.util.concurrent.ThreadPoolExecutor$Worker.run(ThreadPoolExecutor.java:642)
	at java.base/java.lang.Thread.run(Thread.java:1583)
Caused by: java.util.concurrent.TimeoutException
	at java.base/java.util.concurrent.CompletableFuture.timedGet(CompletableFuture.java:1960)
	at java.base/java.util.concurrent.CompletableFuture.get(CompletableFuture.java:2095)
	at org.asynchttpclient.netty.NettyResponseFuture.get(NettyResponseFuture.java:206)
	at org.openqa.selenium.remote.http.netty.NettyHttpHandler.makeCall(NettyHttpHandler.java:59)
	... 36 more
]]></failure>
  </testcase>
  <testcase name="tearDown[[TestResult name=validate_user_payment_test status=FAILURE method=PaymentTests.validate_user_payment_test()[pri:0, instance:web_tests.PaymentTests@12d4bf7e] output={null}], firefox](0)" classname="web_tests.PaymentTests" time="159.768">
    <failure message="java.util.concurrent.TimeoutException&#10;Build info: version: &apos;4.15.0&apos;, revision: &apos;1d14b5521b&apos;&#10;System info: os.name: &apos;Mac OS X&apos;, os.arch: &apos;x86_64&apos;, os.version: &apos;14.0&apos;, java.version: &apos;21.0.1&apos;&#10;Driver info: org.openqa.selenium.remote.RemoteWebDriver&#10;Command: [daf851fb-04aa-4d33-b39a-a00ebdf6d386, quit {}]&#10;Capabilities {acceptInsecureCerts: false, agentName: sgdemo-selmac-01, browserName: firefox, browserVersion: 118.0.2, experitest:testName: validate_user_payment_test, moz:accessibilityChecks: false, moz:buildID: 20231009140911, moz:debuggerAddress: 127.0.0.1:58869, moz:geckodriverVersion: 0.33.0, moz:headless: false, moz:platformVersion: 22.2.0, moz:processID: 79685, moz:profile: /var/folders/xg/___n2mbn5xs..., moz:shutdownTimeout: 60000, moz:webdriverClick: true, moz:windowless: false, pageLoadStrategy: normal, platformName: mac, proxy: Proxy(), reportTestId: 1072, reportUrl: https://uscloud.experitest...., se:cdp: wss://sgregion.experitest.c..., se:cdpVersion: 118.0.2, sessionId: daf851fb-04aa-4d33-b39a-a00..., setWindowRect: true, strictFileInteractability: false, timeouts: {implicit: 0, pageLoad: 300000, script: 30000}, unhandledPromptBehavior: dismiss and notify, viewUrl: https://sgregion.experitest...}&#10;Session ID: daf851fb-04aa-4d33-b39a-a00ebdf6d386" type="org.openqa.selenium.TimeoutException"><![CDATA[org.openqa.selenium.TimeoutException: 
java.util.concurrent.TimeoutException
Build info: version: '4.15.0', revision: '1d14b5521b'
System info: os.name: 'Mac OS X', os.arch: 'x86_64', os.version: '14.0', java.version: '21.0.1'
Driver info: org.openqa.selenium.remote.RemoteWebDriver
Command: [daf851fb-04aa-4d33-b39a-a00ebdf6d386, quit {}]
Capabilities {acceptInsecureCerts: false, agentName: sgdemo-selmac-01, browserName: firefox, browserVersion: 118.0.2, experitest:testName: validate_user_payment_test, moz:accessibilityChecks: false, moz:buildID: 20231009140911, moz:debuggerAddress: 127.0.0.1:58869, moz:geckodriverVersion: 0.33.0, moz:headless: false, moz:platformVersion: 22.2.0, moz:processID: 79685, moz:profile: /var/folders/xg/___n2mbn5xs..., moz:shutdownTimeout: 60000, moz:webdriverClick: true, moz:windowless: false, pageLoadStrategy: normal, platformName: mac, proxy: Proxy(), reportTestId: 1072, reportUrl: https://uscloud.experitest...., se:cdp: wss://sgregion.experitest.c..., se:cdpVersion: 118.0.2, sessionId: daf851fb-04aa-4d33-b39a-a00..., setWindowRect: true, strictFileInteractability: false, timeouts: {implicit: 0, pageLoad: 300000, script: 30000}, unhandledPromptBehavior: dismiss and notify, viewUrl: https://sgregion.experitest...}
Session ID: daf851fb-04aa-4d33-b39a-a00ebdf6d386
	at org.openqa.selenium.remote.http.netty.NettyHttpHandler.makeCall(NettyHttpHandler.java:65)
	at org.openqa.selenium.remote.http.AddSeleniumUserAgent.lambda$apply$0(AddSeleniumUserAgent.java:42)
	at org.openqa.selenium.remote.http.Filter.lambda$andFinally$1(Filter.java:55)
	at org.openqa.selenium.remote.http.netty.NettyHttpHandler.execute(NettyHttpHandler.java:48)
	at org.openqa.selenium.remote.http.AddSeleniumUserAgent.lambda$apply$0(AddSeleniumUserAgent.java:42)
	at org.openqa.selenium.remote.http.Filter.lambda$andFinally$1(Filter.java:55)
	at org.openqa.selenium.remote.http.netty.NettyClient.execute(NettyClient.java:97)
	at org.openqa.selenium.remote.tracing.TracedHttpClient.execute(TracedHttpClient.java:54)
	at org.openqa.selenium.remote.HttpCommandExecutor.execute(HttpCommandExecutor.java:188)
	at org.openqa.selenium.remote.TracedCommandExecutor.execute(TracedCommandExecutor.java:51)
	at org.openqa.selenium.remote.RemoteWebDriver.execute(RemoteWebDriver.java:531)
	at org.openqa.selenium.remote.RemoteWebDriver.execute(RemoteWebDriver.java:590)
	at org.openqa.selenium.remote.RemoteWebDriver.execute(RemoteWebDriver.java:594)
	at org.openqa.selenium.remote.RemoteWebDriver.quit(RemoteWebDriver.java:446)
	at base.DesktopBrowserDriver.tearDown(DesktopBrowserDriver.java:69)
	at java.base/jdk.internal.reflect.DirectMethodHandleAccessor.invoke(DirectMethodHandleAccessor.java:103)
	at java.base/java.lang.reflect.Method.invoke(Method.java:580)
	at org.testng.internal.MethodInvocationHelper.invokeMethod(MethodInvocationHelper.java:133)
	at org.testng.internal.MethodInvocationHelper.invokeMethodConsideringTimeout(MethodInvocationHelper.java:62)
	at org.testng.internal.ConfigInvoker.invokeConfigurationMethod(ConfigInvoker.java:385)
	at org.testng.internal.ConfigInvoker.invokeConfigurations(ConfigInvoker.java:321)
	at org.testng.internal.TestInvoker.runConfigMethods(TestInvoker.java:700)
	at org.testng.internal.TestInvoker.runAfterGroupsConfigurations(TestInvoker.java:676)
	at org.testng.internal.TestInvoker.invokeMethod(TestInvoker.java:660)
	at org.testng.internal.TestInvoker.invokeTestMethod(TestInvoker.java:173)
	at org.testng.internal.MethodRunner.runInSequence(MethodRunner.java:46)
	at org.testng.internal.TestInvoker$MethodInvocationAgent.invoke(TestInvoker.java:824)
	at org.testng.internal.TestInvoker.invokeTestMethods(TestInvoker.java:146)
	at org.testng.internal.TestMethodWorker.invokeTestMethods(TestMethodWorker.java:146)
	at org.testng.internal.TestMethodWorker.run(TestMethodWorker.java:128)
	at java.base/java.util.ArrayList.forEach(ArrayList.java:1596)
	at org.testng.TestRunner.privateRun(TestRunner.java:794)
	at org.testng.TestRunner.run(TestRunner.java:596)
	at org.testng.SuiteRunner.runTest(SuiteRunner.java:377)
	at org.testng.SuiteRunner.access$000(SuiteRunner.java:28)
	at org.testng.SuiteRunner$SuiteWorker.run(SuiteRunner.java:418)
	at org.testng.internal.thread.ThreadUtil.lambda$execute$0(ThreadUtil.java:64)
	at java.base/java.util.concurrent.FutureTask.run(FutureTask.java:317)
	at java.base/java.util.concurrent.ThreadPoolExecutor.runWorker(ThreadPoolExecutor.java:1144)
	at java.base/java.util.concurrent.ThreadPoolExecutor$Worker.run(ThreadPoolExecutor.java:642)
	at java.base/java.lang.Thread.run(Thread.java:1583)
Caused by: java.util.concurrent.TimeoutException
	at java.base/java.util.concurrent.CompletableFuture.timedGet(CompletableFuture.java:1960)
	at java.base/java.util.concurrent.CompletableFuture.get(CompletableFuture.java:2095)
	at org.asynchttpclient.netty.NettyResponseFuture.get(NettyResponseFuture.java:206)
	at org.openqa.selenium.remote.http.netty.NettyHttpHandler.makeCall(NettyHttpHandler.java:59)
	... 40 more
]]></failure>
  </testcase>
  <testcase name="verify_user_making_payment[android](1)" classname="mobile_tests.PaymentTests" time="8.673"/>
  <testcase name="verify_user_making_payment[android](1)" classname="mobile_tests.PaymentTests" time="3.983"/>
  <testcase name="verify_user_making_payment[android](1)" classname="mobile_tests.PaymentTests" time="9.576"/>
  <testcase name="verify_user_making_payment[android](1)" classname="mobile_tests.PaymentTests" time="10.256"/>
  <testcase name="verify_user_making_payment[android](1)" classname="mobile_tests.PaymentTests" time="15.083"/>
  <testcase name="verify_user_making_payment[ios](1)" classname="mobile_tests.PaymentTests" time="19.778">
    <failure message="Amount has not been deducted. did not expect [35000] but found [35000]" type="java.lang.AssertionError"><![CDATA[java.lang.AssertionError: Amount has not been deducted. did not expect [35000] but found [35000]
	at org.testng.Assert.fail(Assert.java:99)
	at org.testng.Assert.failEquals(Assert.java:1041)
	at org.testng.Assert.assertNotEqualsImpl(Assert.java:147)
	at org.testng.Assert.assertNotEquals(Assert.java:1531)
	at mobile_tests.PaymentTests.verify_user_making_payment(PaymentTests.java:86)
	at java.base/jdk.internal.reflect.DirectMethodHandleAccessor.invoke(DirectMethodHandleAccessor.java:103)
	at java.base/java.lang.reflect.Method.invoke(Method.java:580)
	at org.testng.internal.MethodInvocationHelper.invokeMethod(MethodInvocationHelper.java:133)
	at org.testng.internal.TestInvoker.invokeMethod(TestInvoker.java:598)
	at org.testng.internal.TestInvoker.invokeTestMethod(TestInvoker.java:173)
	at org.testng.internal.MethodRunner.runInSequence(MethodRunner.java:46)
	at org.testng.internal.TestInvoker$MethodInvocationAgent.invoke(TestInvoker.java:824)
	at org.testng.internal.TestInvoker.invokeTestMethods(TestInvoker.java:146)
	at org.testng.internal.TestMethodWorker.invokeTestMethods(TestMethodWorker.java:146)
	at org.testng.internal.TestMethodWorker.run(TestMethodWorker.java:128)
	at java.base/java.util.ArrayList.forEach(ArrayList.java:1596)
	at org.testng.TestRunner.privateRun(TestRunner.java:794)
	at org.testng.TestRunner.run(TestRunner.java:596)
	at org.testng.SuiteRunner.runTest(SuiteRunner.java:377)
	at org.testng.SuiteRunner.access$000(SuiteRunner.java:28)
	at org.testng.SuiteRunner$SuiteWorker.run(SuiteRunner.java:418)
	at org.testng.internal.thread.ThreadUtil.lambda$execute$0(ThreadUtil.java:64)
	at java.base/java.util.concurrent.FutureTask.run(FutureTask.java:317)
	at java.base/java.util.concurrent.ThreadPoolExecutor.runWorker(ThreadPoolExecutor.java:1144)
	at java.base/java.util.concurrent.ThreadPoolExecutor$Worker.run(ThreadPoolExecutor.java:642)
	at java.base/java.lang.Thread.run(Thread.java:1583)
]]></failure>
  </testcase>
  <testcase name="verify_user_making_payment[ios](1)" classname="mobile_tests.PaymentTests" time="21.439">
    <failure message="Amount has not been deducted. did not expect [35000] but found [35000]" type="java.lang.AssertionError"><![CDATA[java.lang.AssertionError: Amount has not been deducted. did not expect [35000] but found [35000]
	at org.testng.Assert.fail(Assert.java:99)
	at org.testng.Assert.failEquals(Assert.java:1041)
	at org.testng.Assert.assertNotEqualsImpl(Assert.java:147)
	at org.testng.Assert.assertNotEquals(Assert.java:1531)
	at mobile_tests.PaymentTests.verify_user_making_payment(PaymentTests.java:86)
	at java.base/jdk.internal.reflect.DirectMethodHandleAccessor.invoke(DirectMethodHandleAccessor.java:103)
	at java.base/java.lang.reflect.Method.invoke(Method.java:580)
	at org.testng.internal.MethodInvocationHelper.invokeMethod(MethodInvocationHelper.java:133)
	at org.testng.internal.TestInvoker.invokeMethod(TestInvoker.java:598)
	at org.testng.internal.TestInvoker.invokeTestMethod(TestInvoker.java:173)
	at org.testng.internal.MethodRunner.runInSequence(MethodRunner.java:46)
	at org.testng.internal.TestInvoker$MethodInvocationAgent.invoke(TestInvoker.java:824)
	at org.testng.internal.TestInvoker.invokeTestMethods(TestInvoker.java:146)
	at org.testng.internal.TestMethodWorker.invokeTestMethods(TestMethodWorker.java:146)
	at org.testng.internal.TestMethodWorker.run(TestMethodWorker.java:128)
	at java.base/java.util.ArrayList.forEach(ArrayList.java:1596)
	at org.testng.TestRunner.privateRun(TestRunner.java:794)
	at org.testng.TestRunner.run(TestRunner.java:596)
	at org.testng.SuiteRunner.runTest(SuiteRunner.java:377)
	at org.testng.SuiteRunner.access$000(SuiteRunner.java:28)
	at org.testng.SuiteRunner$SuiteWorker.run(SuiteRunner.java:418)
	at org.testng.internal.thread.ThreadUtil.lambda$execute$0(ThreadUtil.java:64)
	at java.base/java.util.concurrent.FutureTask.run(FutureTask.java:317)
	at java.base/java.util.concurrent.ThreadPoolExecutor.runWorker(ThreadPoolExecutor.java:1144)
	at java.base/java.util.concurrent.ThreadPoolExecutor$Worker.run(ThreadPoolExecutor.java:642)
	at java.base/java.lang.Thread.run(Thread.java:1583)
]]></failure>
  </testcase>
  <testcase name="verify_user_making_payment[ios](1)" classname="mobile_tests.PaymentTests" time="24.739">
    <failure message="Amount has not been deducted. did not expect [35000] but found [35000]" type="java.lang.AssertionError"><![CDATA[java.lang.AssertionError: Amount has not been deducted. did not expect [35000] but found [35000]
	at org.testng.Assert.fail(Assert.java:99)
	at org.testng.Assert.failEquals(Assert.java:1041)
	at org.testng.Assert.assertNotEqualsImpl(Assert.java:147)
	at org.testng.Assert.assertNotEquals(Assert.java:1531)
	at mobile_tests.PaymentTests.verify_user_making_payment(PaymentTests.java:86)
	at java.base/jdk.internal.reflect.DirectMethodHandleAccessor.invoke(DirectMethodHandleAccessor.java:103)
	at java.base/java.lang.reflect.Method.invoke(Method.java:580)
	at org.testng.internal.MethodInvocationHelper.invokeMethod(MethodInvocationHelper.java:133)
	at org.testng.internal.TestInvoker.invokeMethod(TestInvoker.java:598)
	at org.testng.internal.TestInvoker.invokeTestMethod(TestInvoker.java:173)
	at org.testng.internal.MethodRunner.runInSequence(MethodRunner.java:46)
	at org.testng.internal.TestInvoker$MethodInvocationAgent.invoke(TestInvoker.java:824)
	at org.testng.internal.TestInvoker.invokeTestMethods(TestInvoker.java:146)
	at org.testng.internal.TestMethodWorker.invokeTestMethods(TestMethodWorker.java:146)
	at org.testng.internal.TestMethodWorker.run(TestMethodWorker.java:128)
	at java.base/java.util.ArrayList.forEach(ArrayList.java:1596)
	at org.testng.TestRunner.privateRun(TestRunner.java:794)
	at org.testng.TestRunner.run(TestRunner.java:596)
	at org.testng.SuiteRunner.runTest(SuiteRunner.java:377)
	at org.testng.SuiteRunner.access$000(SuiteRunner.java:28)
	at org.testng.SuiteRunner$SuiteWorker.run(SuiteRunner.java:418)
	at org.testng.internal.thread.ThreadUtil.lambda$execute$0(ThreadUtil.java:64)
	at java.base/java.util.concurrent.FutureTask.run(FutureTask.java:317)
	at java.base/java.util.concurrent.ThreadPoolExecutor.runWorker(ThreadPoolExecutor.java:1144)
	at java.base/java.util.concurrent.ThreadPoolExecutor$Worker.run(ThreadPoolExecutor.java:642)
	at java.base/java.lang.Thread.run(Thread.java:1583)
]]></failure>
  </testcase>
  <testcase name="verify_user_making_payment[ios](1)" classname="mobile_tests.PaymentTests" time="0">
    <skipped message="Could not start a new session. Response code 500. Message: Failed to prepare the Appium OSS Infrastructure: runWDA &gt; Cannot start run_wda after 120 retries : java.util.concurrent.ExecutionException - java.net.ConnectException: Failed to connect - received number 3, link:https://uscloud.experitest.com:443/reporter/#/test/1075/project/Art Of Testing - OSS/ &#10;Host info: host: &apos;Rahee-Khan&apos;, ip: &apos;fd41:8c9d:9153:c210:c8b:2aea:603c:3aaf%en0&apos;&#10;Build info: version: &apos;4.15.0&apos;, revision: &apos;1d14b5521b&apos;&#10;System info: os.name: &apos;Mac OS X&apos;, os.arch: &apos;x86_64&apos;, os.version: &apos;14.0&apos;, java.version: &apos;21.0.1&apos;&#10;Driver info: io.appium.java_client.ios.IOSDriver&#10;Command: [null, newSession {capabilities=[{appium:accessKey=eyJhbGciOiJIUzI1NiJ9.eyJ4cC51Ijo5ODU3OTgwLCJ4cC5wIjoxMDk4NzU5NCwieHAubSI6MTY4OTA4MTQ5ODEzOSwiZXhwIjoyMDEwNTkwNTk4LCJpc3MiOiJjb20uZXhwZXJpdGVzdCJ9.ar3l55jlt470f5fb8CPpkFeJ_UaNQMfpzLEjmfjmyd0, appium:appiumVersion=2.1.3, appium:automationName=XCUITest, browserName=Safari, appium:deviceQuery=@os=&apos;ios&apos; and @category=&apos;PHONE&apos; and contains(@region, &apos;US&apos;), platformName=IOS, appium:testName=verify_user_making_payment}], desiredCapabilities=Capabilities {accessKey: eyJhbGciOiJIUzI1NiJ9.eyJ4cC..., appiumVersion: 2.1.3, automationName: XCUITest, browserName: Safari, deviceQuery: @os=&apos;ios&apos; and @category=&apos;PH..., platformName: IOS, testName: verify_user_making_payment}}]&#10;Capabilities {accessKey: eyJhbGciOiJIUzI1NiJ9.eyJ4cC..., appiumVersion: 2.1.3, automationName: XCUITest, browserName: Safari, deviceQuery: @os=&apos;ios&apos; and @category=&apos;PH..., platformName: IOS, testName: verify_user_making_payment}"/>
  </testcase>
  <testcase name="verify_user_making_payment[ios](1)" classname="mobile_tests.PaymentTests" time="0">
    <skipped message="Could not start a new session. Possible causes are invalid address of the remote server or browser start-up failure. &#10;Host info: host: &apos;Rahee-Khan&apos;, ip: &apos;fd41:8c9d:9153:c210:c8b:2aea:603c:3aaf%en0&apos;"/>
  </testcase>
  <testcase name="setUp[org.testng.TestRunner@d2cc9c1, public void mobile_tests.PaymentTests.verify_user_making_payment(java.lang.String) throws java.lang.InterruptedException, ios](0)" classname="mobile_tests.PaymentTests" time="30.278">
    <failure message="Could not start a new session. Response code 500. Message: Failed to prepare the Appium OSS Infrastructure: runWDA &gt; Cannot start run_wda after 120 retries : java.util.concurrent.ExecutionException - java.net.ConnectException: Failed to connect - received number 3, link:https://uscloud.experitest.com:443/reporter/#/test/1075/project/Art Of Testing - OSS/ &#10;Host info: host: &apos;Rahee-Khan&apos;, ip: &apos;fd41:8c9d:9153:c210:c8b:2aea:603c:3aaf%en0&apos;&#10;Build info: version: &apos;4.15.0&apos;, revision: &apos;1d14b5521b&apos;&#10;System info: os.name: &apos;Mac OS X&apos;, os.arch: &apos;x86_64&apos;, os.version: &apos;14.0&apos;, java.version: &apos;21.0.1&apos;&#10;Driver info: io.appium.java_client.ios.IOSDriver&#10;Command: [null, newSession {capabilities=[{appium:accessKey=eyJhbGciOiJIUzI1NiJ9.eyJ4cC51Ijo5ODU3OTgwLCJ4cC5wIjoxMDk4NzU5NCwieHAubSI6MTY4OTA4MTQ5ODEzOSwiZXhwIjoyMDEwNTkwNTk4LCJpc3MiOiJjb20uZXhwZXJpdGVzdCJ9.ar3l55jlt470f5fb8CPpkFeJ_UaNQMfpzLEjmfjmyd0, appium:appiumVersion=2.1.3, appium:automationName=XCUITest, browserName=Safari, appium:deviceQuery=@os=&apos;ios&apos; and @category=&apos;PHONE&apos; and contains(@region, &apos;US&apos;), platformName=IOS, appium:testName=verify_user_making_payment}], desiredCapabilities=Capabilities {accessKey: eyJhbGciOiJIUzI1NiJ9.eyJ4cC..., appiumVersion: 2.1.3, automationName: XCUITest, browserName: Safari, deviceQuery: @os=&apos;ios&apos; and @category=&apos;PH..., platformName: IOS, testName: verify_user_making_payment}}]&#10;Capabilities {accessKey: eyJhbGciOiJIUzI1NiJ9.eyJ4cC..., appiumVersion: 2.1.3, automationName: XCUITest, browserName: Safari, deviceQuery: @os=&apos;ios&apos; and @category=&apos;PH..., platformName: IOS, testName: verify_user_making_payment}" type="org.openqa.selenium.SessionNotCreatedException"><![CDATA[org.openqa.selenium.SessionNotCreatedException: 
Could not start a new session. Response code 500. Message: Failed to prepare the Appium OSS Infrastructure: runWDA > Cannot start run_wda after 120 retries : java.util.concurrent.ExecutionException - java.net.ConnectException: Failed to connect - received number 3, link:https://uscloud.experitest.com:443/reporter/#/test/1075/project/Art Of Testing - OSS/ 
Host info: host: 'Rahee-Khan', ip: 'fd41:8c9d:9153:c210:c8b:2aea:603c:3aaf%en0'
Build info: version: '4.15.0', revision: '1d14b5521b'
System info: os.name: 'Mac OS X', os.arch: 'x86_64', os.version: '14.0', java.version: '21.0.1'
Driver info: io.appium.java_client.ios.IOSDriver
Command: [null, newSession {capabilities=[{appium:accessKey=eyJhbGciOiJIUzI1NiJ9.eyJ4cC51Ijo5ODU3OTgwLCJ4cC5wIjoxMDk4NzU5NCwieHAubSI6MTY4OTA4MTQ5ODEzOSwiZXhwIjoyMDEwNTkwNTk4LCJpc3MiOiJjb20uZXhwZXJpdGVzdCJ9.ar3l55jlt470f5fb8CPpkFeJ_UaNQMfpzLEjmfjmyd0, appium:appiumVersion=2.1.3, appium:automationName=XCUITest, browserName=Safari, appium:deviceQuery=@os='ios' and @category='PHONE' and contains(@region, 'US'), platformName=IOS, appium:testName=verify_user_making_payment}], desiredCapabilities=Capabilities {accessKey: eyJhbGciOiJIUzI1NiJ9.eyJ4cC..., appiumVersion: 2.1.3, automationName: XCUITest, browserName: Safari, deviceQuery: @os='ios' and @category='PH..., platformName: IOS, testName: verify_user_making_payment}}]
Capabilities {accessKey: eyJhbGciOiJIUzI1NiJ9.eyJ4cC..., appiumVersion: 2.1.3, automationName: XCUITest, browserName: Safari, deviceQuery: @os='ios' and @category='PH..., platformName: IOS, testName: verify_user_making_payment}
	at org.openqa.selenium.remote.ProtocolHandshake.createSession(ProtocolHandshake.java:140)
	at java.base/jdk.internal.reflect.DirectMethodHandleAccessor.invoke(DirectMethodHandleAccessor.java:103)
	at java.base/java.lang.reflect.Method.invoke(Method.java:580)
	at io.appium.java_client.remote.AppiumProtocolHandshake.createSession(AppiumProtocolHandshake.java:133)
	at io.appium.java_client.remote.AppiumProtocolHandshake.createSession(AppiumProtocolHandshake.java:102)
	at io.appium.java_client.remote.AppiumCommandExecutor.createSession(AppiumCommandExecutor.java:194)
	at io.appium.java_client.remote.AppiumCommandExecutor.execute(AppiumCommandExecutor.java:262)
	at org.openqa.selenium.remote.RemoteWebDriver.execute(RemoteWebDriver.java:531)
	at io.appium.java_client.AppiumDriver.startSession(AppiumDriver.java:229)
	at org.openqa.selenium.remote.RemoteWebDriver.<init>(RemoteWebDriver.java:154)
	at io.appium.java_client.AppiumDriver.<init>(AppiumDriver.java:80)
	at io.appium.java_client.AppiumDriver.<init>(AppiumDriver.java:92)
	at io.appium.java_client.ios.IOSDriver.<init>(IOSDriver.java:106)
	at base.MobileDeviceDriver.setUp(MobileDeviceDriver.java:52)
	at java.base/jdk.internal.reflect.DirectMethodHandleAccessor.invoke(DirectMethodHandleAccessor.java:103)
	at java.base/java.lang.reflect.Method.invoke(Method.java:580)
	at org.testng.internal.MethodInvocationHelper.invokeMethod(MethodInvocationHelper.java:133)
	at org.testng.internal.MethodInvocationHelper.invokeMethodConsideringTimeout(MethodInvocationHelper.java:62)
	at org.testng.internal.ConfigInvoker.invokeConfigurationMethod(ConfigInvoker.java:385)
	at org.testng.internal.ConfigInvoker.invokeConfigurations(ConfigInvoker.java:321)
	at org.testng.internal.TestInvoker.runConfigMethods(TestInvoker.java:700)
	at org.testng.internal.TestInvoker.invokeMethod(TestInvoker.java:527)
	at org.testng.internal.TestInvoker.invokeTestMethod(TestInvoker.java:173)
	at org.testng.internal.MethodRunner.runInSequence(MethodRunner.java:46)
	at org.testng.internal.TestInvoker$MethodInvocationAgent.invoke(TestInvoker.java:824)
	at org.testng.internal.TestInvoker.invokeTestMethods(TestInvoker.java:146)
	at org.testng.internal.TestMethodWorker.invokeTestMethods(TestMethodWorker.java:146)
	at org.testng.internal.TestMethodWorker.run(TestMethodWorker.java:128)
	at java.base/java.util.ArrayList.forEach(ArrayList.java:1596)
	at org.testng.TestRunner.privateRun(TestRunner.java:794)
	at org.testng.TestRunner.run(TestRunner.java:596)
	at org.testng.SuiteRunner.runTest(SuiteRunner.java:377)
	at org.testng.SuiteRunner.access$000(SuiteRunner.java:28)
	at org.testng.SuiteRunner$SuiteWorker.run(SuiteRunner.java:418)
	at org.testng.internal.thread.ThreadUtil.lambda$execute$0(ThreadUtil.java:64)
	at java.base/java.util.concurrent.FutureTask.run(FutureTask.java:317)
	at java.base/java.util.concurrent.ThreadPoolExecutor.runWorker(ThreadPoolExecutor.java:1144)
	at java.base/java.util.concurrent.ThreadPoolExecutor$Worker.run(ThreadPoolExecutor.java:642)
	at java.base/java.lang.Thread.run(Thread.java:1583)
]]></failure>
  </testcase>
  <testcase name="tearDown[[TestResult name={null} status=CREATED method=PaymentTests.verify_user_making_payment(java.lang.String)[pri:0, instance:mobile_tests.PaymentTests@460d0a57] output={null}], ios](0)" classname="mobile_tests.PaymentTests" time="0.005">
    <failure message="Cannot invoke &quot;org.openqa.selenium.remote.RemoteWebDriver.quit()&quot; because the return value of &quot;base.MobileDeviceDriver.getDriver()&quot; is null" type="java.lang.NullPointerException"><![CDATA[java.lang.NullPointerException: Cannot invoke "org.openqa.selenium.remote.RemoteWebDriver.quit()" because the return value of "base.MobileDeviceDriver.getDriver()" is null
	at base.MobileDeviceDriver.tearDown(MobileDeviceDriver.java:82)
	at java.base/jdk.internal.reflect.DirectMethodHandleAccessor.invoke(DirectMethodHandleAccessor.java:103)
	at java.base/java.lang.reflect.Method.invoke(Method.java:580)
	at org.testng.internal.MethodInvocationHelper.invokeMethod(MethodInvocationHelper.java:133)
	at org.testng.internal.MethodInvocationHelper.invokeMethodConsideringTimeout(MethodInvocationHelper.java:62)
	at org.testng.internal.ConfigInvoker.invokeConfigurationMethod(ConfigInvoker.java:385)
	at org.testng.internal.ConfigInvoker.invokeConfigurations(ConfigInvoker.java:321)
	at org.testng.internal.TestInvoker.runConfigMethods(TestInvoker.java:700)
	at org.testng.internal.TestInvoker.runAfterGroupsConfigurations(TestInvoker.java:676)
	at org.testng.internal.TestInvoker.invokeMethod(TestInvoker.java:546)
	at org.testng.internal.TestInvoker.invokeTestMethod(TestInvoker.java:173)
	at org.testng.internal.MethodRunner.runInSequence(MethodRunner.java:46)
	at org.testng.internal.TestInvoker$MethodInvocationAgent.invoke(TestInvoker.java:824)
	at org.testng.internal.TestInvoker.invokeTestMethods(TestInvoker.java:146)
	at org.testng.internal.TestMethodWorker.invokeTestMethods(TestMethodWorker.java:146)
	at org.testng.internal.TestMethodWorker.run(TestMethodWorker.java:128)
	at java.base/java.util.ArrayList.forEach(ArrayList.java:1596)
	at org.testng.TestRunner.privateRun(TestRunner.java:794)
	at org.testng.TestRunner.run(TestRunner.java:596)
	at org.testng.SuiteRunner.runTest(SuiteRunner.java:377)
	at org.testng.SuiteRunner.access$000(SuiteRunner.java:28)
	at org.testng.SuiteRunner$SuiteWorker.run(SuiteRunner.java:418)
	at org.testng.internal.thread.ThreadUtil.lambda$execute$0(ThreadUtil.java:64)
	at java.base/java.util.concurrent.FutureTask.run(FutureTask.java:317)
	at java.base/java.util.concurrent.ThreadPoolExecutor.runWorker(ThreadPoolExecutor.java:1144)
	at java.base/java.util.concurrent.ThreadPoolExecutor$Worker.run(ThreadPoolExecutor.java:642)
	at java.base/java.lang.Thread.run(Thread.java:1583)
]]></failure>
  </testcase>
  <testcase name="setUp[org.testng.TestRunner@5afde1cc, public void mobile_tests.PaymentTests.verify_user_making_payment(java.lang.String) throws java.lang.InterruptedException, ios](0)" classname="mobile_tests.PaymentTests" time="3,087.448">
    <failure message="Could not start a new session. Possible causes are invalid address of the remote server or browser start-up failure. &#10;Host info: host: &apos;Rahee-Khan&apos;, ip: &apos;fd41:8c9d:9153:c210:c8b:2aea:603c:3aaf%en0&apos;" type="org.openqa.selenium.SessionNotCreatedException"><![CDATA[org.openqa.selenium.SessionNotCreatedException: 
Could not start a new session. Possible causes are invalid address of the remote server or browser start-up failure. 
Host info: host: 'Rahee-Khan', ip: 'fd41:8c9d:9153:c210:c8b:2aea:603c:3aaf%en0'
	at org.openqa.selenium.remote.RemoteWebDriver.execute(RemoteWebDriver.java:549)
	at io.appium.java_client.AppiumDriver.startSession(AppiumDriver.java:229)
	at org.openqa.selenium.remote.RemoteWebDriver.<init>(RemoteWebDriver.java:154)
	at io.appium.java_client.AppiumDriver.<init>(AppiumDriver.java:80)
	at io.appium.java_client.AppiumDriver.<init>(AppiumDriver.java:92)
	at io.appium.java_client.ios.IOSDriver.<init>(IOSDriver.java:106)
	at base.MobileDeviceDriver.setUp(MobileDeviceDriver.java:52)
	at java.base/jdk.internal.reflect.DirectMethodHandleAccessor.invoke(DirectMethodHandleAccessor.java:103)
	at java.base/java.lang.reflect.Method.invoke(Method.java:580)
	at org.testng.internal.MethodInvocationHelper.invokeMethod(MethodInvocationHelper.java:133)
	at org.testng.internal.MethodInvocationHelper.invokeMethodConsideringTimeout(MethodInvocationHelper.java:62)
	at org.testng.internal.ConfigInvoker.invokeConfigurationMethod(ConfigInvoker.java:385)
	at org.testng.internal.ConfigInvoker.invokeConfigurations(ConfigInvoker.java:321)
	at org.testng.internal.TestInvoker.runConfigMethods(TestInvoker.java:700)
	at org.testng.internal.TestInvoker.invokeMethod(TestInvoker.java:527)
	at org.testng.internal.TestInvoker.invokeTestMethod(TestInvoker.java:173)
	at org.testng.internal.MethodRunner.runInSequence(MethodRunner.java:46)
	at org.testng.internal.TestInvoker$MethodInvocationAgent.invoke(TestInvoker.java:824)
	at org.testng.internal.TestInvoker.invokeTestMethods(TestInvoker.java:146)
	at org.testng.internal.TestMethodWorker.invokeTestMethods(TestMethodWorker.java:146)
	at org.testng.internal.TestMethodWorker.run(TestMethodWorker.java:128)
	at java.base/java.util.ArrayList.forEach(ArrayList.java:1596)
	at org.testng.TestRunner.privateRun(TestRunner.java:794)
	at org.testng.TestRunner.run(TestRunner.java:596)
	at org.testng.SuiteRunner.runTest(SuiteRunner.java:377)
	at org.testng.SuiteRunner.access$000(SuiteRunner.java:28)
	at org.testng.SuiteRunner$SuiteWorker.run(SuiteRunner.java:418)
	at org.testng.internal.thread.ThreadUtil.lambda$execute$0(ThreadUtil.java:64)
	at java.base/java.util.concurrent.FutureTask.run(FutureTask.java:317)
	at java.base/java.util.concurrent.ThreadPoolExecutor.runWorker(ThreadPoolExecutor.java:1144)
	at java.base/java.util.concurrent.ThreadPoolExecutor$Worker.run(ThreadPoolExecutor.java:642)
	at java.base/java.lang.Thread.run(Thread.java:1583)
Caused by: org.openqa.selenium.WebDriverException: java.lang.reflect.InvocationTargetException
Build info: version: '4.15.0', revision: '1d14b5521b'
System info: os.name: 'Mac OS X', os.arch: 'x86_64', os.version: '14.0', java.version: '21.0.1'
Driver info: driver.version: MobileDeviceDriver
	at io.appium.java_client.remote.AppiumProtocolHandshake.createSession(AppiumProtocolHandshake.java:137)
	at io.appium.java_client.remote.AppiumProtocolHandshake.createSession(AppiumProtocolHandshake.java:102)
	at io.appium.java_client.remote.AppiumCommandExecutor.createSession(AppiumCommandExecutor.java:194)
	at io.appium.java_client.remote.AppiumCommandExecutor.execute(AppiumCommandExecutor.java:262)
	at org.openqa.selenium.remote.RemoteWebDriver.execute(RemoteWebDriver.java:531)
	... 31 more
Caused by: java.lang.reflect.InvocationTargetException
	at java.base/jdk.internal.reflect.DirectMethodHandleAccessor.invoke(DirectMethodHandleAccessor.java:118)
	at java.base/java.lang.reflect.Method.invoke(Method.java:580)
	at io.appium.java_client.remote.AppiumProtocolHandshake.createSession(AppiumProtocolHandshake.java:133)
	... 35 more
Caused by: org.openqa.selenium.TimeoutException: java.util.concurrent.TimeoutException
Build info: version: '4.15.0', revision: '1d14b5521b'
System info: os.name: 'Mac OS X', os.arch: 'x86_64', os.version: '14.0', java.version: '21.0.1'
Driver info: driver.version: MobileDeviceDriver
	at org.openqa.selenium.remote.http.netty.NettyHttpHandler.makeCall(NettyHttpHandler.java:65)
	at org.openqa.selenium.remote.http.AddSeleniumUserAgent.lambda$apply$0(AddSeleniumUserAgent.java:42)
	at io.appium.java_client.remote.AppiumCommandExecutor.lambda$null$0(AppiumCommandExecutor.java:199)
	at org.openqa.selenium.remote.http.Filter.lambda$andFinally$1(Filter.java:55)
	at org.openqa.selenium.remote.http.netty.NettyHttpHandler.execute(NettyHttpHandler.java:48)
	at org.openqa.selenium.remote.http.AddSeleniumUserAgent.lambda$apply$0(AddSeleniumUserAgent.java:42)
	at io.appium.java_client.remote.AppiumCommandExecutor.lambda$null$0(AppiumCommandExecutor.java:199)
	at org.openqa.selenium.remote.http.Filter.lambda$andFinally$1(Filter.java:55)
	at org.openqa.selenium.remote.http.netty.NettyClient.execute(NettyClient.java:97)
	at org.openqa.selenium.remote.ProtocolHandshake.createSession(ProtocolHandshake.java:115)
	at java.base/jdk.internal.reflect.DirectMethodHandleAccessor.invoke(DirectMethodHandleAccessor.java:103)
	... 37 more
Caused by: java.util.concurrent.TimeoutException
	at java.base/java.util.concurrent.CompletableFuture.timedGet(CompletableFuture.java:1960)
	at java.base/java.util.concurrent.CompletableFuture.get(CompletableFuture.java:2095)
	at org.asynchttpclient.netty.NettyResponseFuture.get(NettyResponseFuture.java:206)
	at org.openqa.selenium.remote.http.netty.NettyHttpHandler.makeCall(NettyHttpHandler.java:59)
	... 47 more
]]></failure>
  </testcase>
  <testcase name="tearDown[[TestResult name={null} status=CREATED method=PaymentTests.verify_user_making_payment(java.lang.String)[pri:0, instance:mobile_tests.PaymentTests@433d61fb] output={null}], ios](0)" classname="mobile_tests.PaymentTests" time="0.001">
    <failure message="Cannot invoke &quot;org.openqa.selenium.remote.RemoteWebDriver.quit()&quot; because the return value of &quot;base.MobileDeviceDriver.getDriver()&quot; is null" type="java.lang.NullPointerException"><![CDATA[java.lang.NullPointerException: Cannot invoke "org.openqa.selenium.remote.RemoteWebDriver.quit()" because the return value of "base.MobileDeviceDriver.getDriver()" is null
	at base.MobileDeviceDriver.tearDown(MobileDeviceDriver.java:82)
	at java.base/jdk.internal.reflect.DirectMethodHandleAccessor.invoke(DirectMethodHandleAccessor.java:103)
	at java.base/java.lang.reflect.Method.invoke(Method.java:580)
	at org.testng.internal.MethodInvocationHelper.invokeMethod(MethodInvocationHelper.java:133)
	at org.testng.internal.MethodInvocationHelper.invokeMethodConsideringTimeout(MethodInvocationHelper.java:62)
	at org.testng.internal.ConfigInvoker.invokeConfigurationMethod(ConfigInvoker.java:385)
	at org.testng.internal.ConfigInvoker.invokeConfigurations(ConfigInvoker.java:321)
	at org.testng.internal.TestInvoker.runConfigMethods(TestInvoker.java:700)
	at org.testng.internal.TestInvoker.runAfterGroupsConfigurations(TestInvoker.java:676)
	at org.testng.internal.TestInvoker.invokeMethod(TestInvoker.java:546)
	at org.testng.internal.TestInvoker.invokeTestMethod(TestInvoker.java:173)
	at org.testng.internal.MethodRunner.runInSequence(MethodRunner.java:46)
	at org.testng.internal.TestInvoker$MethodInvocationAgent.invoke(TestInvoker.java:824)
	at org.testng.internal.TestInvoker.invokeTestMethods(TestInvoker.java:146)
	at org.testng.internal.TestMethodWorker.invokeTestMethods(TestMethodWorker.java:146)
	at org.testng.internal.TestMethodWorker.run(TestMethodWorker.java:128)
	at java.base/java.util.ArrayList.forEach(ArrayList.java:1596)
	at org.testng.TestRunner.privateRun(TestRunner.java:794)
	at org.testng.TestRunner.run(TestRunner.java:596)
	at org.testng.SuiteRunner.runTest(SuiteRunner.java:377)
	at org.testng.SuiteRunner.access$000(SuiteRunner.java:28)
	at org.testng.SuiteRunner$SuiteWorker.run(SuiteRunner.java:418)
	at org.testng.internal.thread.ThreadUtil.lambda$execute$0(ThreadUtil.java:64)
	at java.base/java.util.concurrent.FutureTask.run(FutureTask.java:317)
	at java.base/java.util.concurrent.ThreadPoolExecutor.runWorker(ThreadPoolExecutor.java:1144)
	at java.base/java.util.concurrent.ThreadPoolExecutor$Worker.run(ThreadPoolExecutor.java:642)
	at java.base/java.lang.Thread.run(Thread.java:1583)
]]></failure>
  </testcase>
</testsuite>