<?xml version="1.0" encoding="UTF-8"?>
<testng-results ignored="0" total="60" passed="54" failed="4" skipped="2">
  <reporter-output>
  </reporter-output>
  <suite started-at="2023-11-16T18:02:44 EST" name="Test Automation (0)" finished-at="2023-11-16T18:58:40 EST" duration-ms="3355729">
    <groups>
    </groups>
    <test started-at="2023-11-16T18:02:44 EST" name="Test_E2E_01_Android" finished-at="2023-11-16T18:03:44 EST" duration-ms="59661">
      <class name="web_tests.MainPageTests">
        <test-method is-config="true" signature="setUp(org.testng.ITestContext,java.lang.reflect.Method,java.lang.String)[pri:0, instance:web_tests.MainPageTests@48fa0f47]" started-at="2023-11-16T18:02:44 EST" name="setUp" finished-at="2023-11-16T18:02:52 EST" duration-ms="7694" status="PASS">
          <params>
            <param index="0">
              <value>
                <![CDATA[org.testng.TestRunner@703580bf]]>
              </value>
            </param>
            <param index="1">
              <value>
                <![CDATA[public void web_tests.MainPageTests.validate_title_test()]]>
              </value>
            </param>
            <param index="2">
              <value is-null="true"/>
            </param>
          </params>
          <reporter-output>
          </reporter-output>
        </test-method> <!-- setUp -->
        <test-method signature="validate_title_test()[pri:0, instance:web_tests.MainPageTests@48fa0f47]" started-at="2023-11-16T18:02:52 EST" name="validate_title_test" finished-at="2023-11-16T18:02:53 EST" duration-ms="1528" status="PASS">
          <reporter-output>
          </reporter-output>
        </test-method> <!-- validate_title_test -->
        <test-method is-config="true" signature="tearDown(org.testng.ITestResult,java.lang.String)[pri:0, instance:web_tests.MainPageTests@48fa0f47]" started-at="2023-11-16T18:02:53 EST" name="tearDown" finished-at="2023-11-16T18:02:54 EST" duration-ms="397" status="PASS">
          <params>
            <param index="0">
              <value>
                <![CDATA[[TestResult name=validate_title_test status=SUCCESS method=MainPageTests.validate_title_test()[pri:0, instance:web_tests.MainPageTests@48fa0f47] output={null}]]]>
              </value>
            </param>
            <param index="1">
              <value is-null="true"/>
            </param>
          </params>
          <reporter-output>
          </reporter-output>
        </test-method> <!-- tearDown -->
      </class> <!-- web_tests.MainPageTests -->
      <class name="mobile_tests.PaymentTests">
        <test-method is-config="true" signature="setUp(org.testng.ITestContext,java.lang.reflect.Method,java.lang.String)[pri:0, instance:mobile_tests.PaymentTests@6ac13091]" started-at="2023-11-16T18:02:54 EST" name="setUp" finished-at="2023-11-16T18:03:13 EST" duration-ms="19513" status="PASS">
          <params>
            <param index="0">
              <value>
                <![CDATA[org.testng.TestRunner@703580bf]]>
              </value>
            </param>
            <param index="1">
              <value>
                <![CDATA[public void mobile_tests.PaymentTests.verify_user_making_payment(java.lang.String) throws java.lang.InterruptedException]]>
              </value>
            </param>
            <param index="2">
              <value>
                <![CDATA[android]]>
              </value>
            </param>
          </params>
          <reporter-output>
          </reporter-output>
        </test-method> <!-- setUp -->
        <test-method signature="verify_user_making_payment(java.lang.String)[pri:0, instance:mobile_tests.PaymentTests@6ac13091]" started-at="2023-11-16T18:03:13 EST" name="verify_user_making_payment" finished-at="2023-11-16T18:03:42 EST" duration-ms="28914" status="PASS">
          <params>
            <param index="0">
              <value>
                <![CDATA[android]]>
              </value>
            </param>
          </params>
          <reporter-output>
          </reporter-output>
        </test-method> <!-- verify_user_making_payment -->
        <test-method is-config="true" signature="tearDown(org.testng.ITestResult,java.lang.String)[pri:0, instance:mobile_tests.PaymentTests@6ac13091]" started-at="2023-11-16T18:03:42 EST" name="tearDown" finished-at="2023-11-16T18:03:44 EST" duration-ms="1535" status="PASS">
          <params>
            <param index="0">
              <value>
                <![CDATA[[TestResult name=verify_user_making_payment status=SUCCESS method=PaymentTests.verify_user_making_payment(java.lang.String)[pri:0, instance:mobile_tests.PaymentTests@6ac13091] output={null}]]]>
              </value>
            </param>
            <param index="1">
              <value>
                <![CDATA[android]]>
              </value>
            </param>
          </params>
          <reporter-output>
          </reporter-output>
        </test-method> <!-- tearDown -->
      </class> <!-- mobile_tests.PaymentTests -->
    </test> <!-- Test_E2E_01_Android -->
    <test started-at="2023-11-16T18:02:44 EST" name="Test_E2E_03_Android" finished-at="2023-11-16T18:03:58 EST" duration-ms="73519">
      <class name="web_tests.MainPageTests">
        <test-method is-config="true" signature="setUp(org.testng.ITestContext,java.lang.reflect.Method,java.lang.String)[pri:0, instance:web_tests.MainPageTests@778d1062]" started-at="2023-11-16T18:02:44 EST" name="setUp" finished-at="2023-11-16T18:02:53 EST" duration-ms="8802" status="PASS">
          <params>
            <param index="0">
              <value>
                <![CDATA[org.testng.TestRunner@3e92efc3]]>
              </value>
            </param>
            <param index="1">
              <value>
                <![CDATA[public void web_tests.MainPageTests.validate_title_test()]]>
              </value>
            </param>
            <param index="2">
              <value is-null="true"/>
            </param>
          </params>
          <reporter-output>
          </reporter-output>
        </test-method> <!-- setUp -->
        <test-method signature="validate_title_test()[pri:0, instance:web_tests.MainPageTests@778d1062]" started-at="2023-11-16T18:02:53 EST" name="validate_title_test" finished-at="2023-11-16T18:02:58 EST" duration-ms="4955" status="PASS">
          <reporter-output>
          </reporter-output>
        </test-method> <!-- validate_title_test -->
        <test-method is-config="true" signature="tearDown(org.testng.ITestResult,java.lang.String)[pri:0, instance:web_tests.MainPageTests@778d1062]" started-at="2023-11-16T18:02:58 EST" name="tearDown" finished-at="2023-11-16T18:03:06 EST" duration-ms="7658" status="PASS">
          <params>
            <param index="0">
              <value>
                <![CDATA[[TestResult name=validate_title_test status=SUCCESS method=MainPageTests.validate_title_test()[pri:0, instance:web_tests.MainPageTests@778d1062] output={null}]]]>
              </value>
            </param>
            <param index="1">
              <value is-null="true"/>
            </param>
          </params>
          <reporter-output>
          </reporter-output>
        </test-method> <!-- tearDown -->
      </class> <!-- web_tests.MainPageTests -->
      <class name="mobile_tests.PaymentTests">
        <test-method is-config="true" signature="setUp(org.testng.ITestContext,java.lang.reflect.Method,java.lang.String)[pri:0, instance:mobile_tests.PaymentTests@670002]" started-at="2023-11-16T18:03:06 EST" name="setUp" finished-at="2023-11-16T18:03:29 EST" duration-ms="23234" status="PASS">
          <params>
            <param index="0">
              <value>
                <![CDATA[org.testng.TestRunner@3e92efc3]]>
              </value>
            </param>
            <param index="1">
              <value>
                <![CDATA[public void mobile_tests.PaymentTests.verify_user_making_payment(java.lang.String) throws java.lang.InterruptedException]]>
              </value>
            </param>
            <param index="2">
              <value>
                <![CDATA[android]]>
              </value>
            </param>
          </params>
          <reporter-output>
          </reporter-output>
        </test-method> <!-- setUp -->
        <test-method signature="verify_user_making_payment(java.lang.String)[pri:0, instance:mobile_tests.PaymentTests@670002]" started-at="2023-11-16T18:03:29 EST" name="verify_user_making_payment" finished-at="2023-11-16T18:03:56 EST" duration-ms="27061" status="PASS">
          <params>
            <param index="0">
              <value>
                <![CDATA[android]]>
              </value>
            </param>
          </params>
          <reporter-output>
          </reporter-output>
        </test-method> <!-- verify_user_making_payment -->
        <test-method is-config="true" signature="tearDown(org.testng.ITestResult,java.lang.String)[pri:0, instance:mobile_tests.PaymentTests@670002]" started-at="2023-11-16T18:03:56 EST" name="tearDown" finished-at="2023-11-16T18:03:58 EST" duration-ms="1733" status="PASS">
          <params>
            <param index="0">
              <value>
                <![CDATA[[TestResult name=verify_user_making_payment status=SUCCESS method=PaymentTests.verify_user_making_payment(java.lang.String)[pri:0, instance:mobile_tests.PaymentTests@670002] output={null}]]]>
              </value>
            </param>
            <param index="1">
              <value>
                <![CDATA[android]]>
              </value>
            </param>
          </params>
          <reporter-output>
          </reporter-output>
        </test-method> <!-- tearDown -->
      </class> <!-- mobile_tests.PaymentTests -->
    </test> <!-- Test_E2E_03_Android -->
    <test started-at="2023-11-16T18:02:44 EST" name="Test_E2E_05_Android" finished-at="2023-11-16T18:04:03 EST" duration-ms="79045">
      <class name="web_tests.MainPageTests">
        <test-method is-config="true" signature="setUp(org.testng.ITestContext,java.lang.reflect.Method,java.lang.String)[pri:0, instance:web_tests.MainPageTests@794cb805]" started-at="2023-11-16T18:02:44 EST" name="setUp" finished-at="2023-11-16T18:02:57 EST" duration-ms="12640" status="PASS">
          <params>
            <param index="0">
              <value>
                <![CDATA[org.testng.TestRunner@1622f1b]]>
              </value>
            </param>
            <param index="1">
              <value>
                <![CDATA[public void web_tests.MainPageTests.validate_title_test()]]>
              </value>
            </param>
            <param index="2">
              <value is-null="true"/>
            </param>
          </params>
          <reporter-output>
          </reporter-output>
        </test-method> <!-- setUp -->
        <test-method signature="validate_title_test()[pri:0, instance:web_tests.MainPageTests@794cb805]" started-at="2023-11-16T18:02:57 EST" name="validate_title_test" finished-at="2023-11-16T18:02:59 EST" duration-ms="2702" status="PASS">
          <reporter-output>
          </reporter-output>
        </test-method> <!-- validate_title_test -->
        <test-method is-config="true" signature="tearDown(org.testng.ITestResult,java.lang.String)[pri:0, instance:web_tests.MainPageTests@794cb805]" started-at="2023-11-16T18:02:59 EST" name="tearDown" finished-at="2023-11-16T18:03:01 EST" duration-ms="1248" status="PASS">
          <params>
            <param index="0">
              <value>
                <![CDATA[[TestResult name=validate_title_test status=SUCCESS method=MainPageTests.validate_title_test()[pri:0, instance:web_tests.MainPageTests@794cb805] output={null}]]]>
              </value>
            </param>
            <param index="1">
              <value is-null="true"/>
            </param>
          </params>
          <reporter-output>
          </reporter-output>
        </test-method> <!-- tearDown -->
      </class> <!-- web_tests.MainPageTests -->
      <class name="mobile_tests.PaymentTests">
        <test-method is-config="true" signature="setUp(org.testng.ITestContext,java.lang.reflect.Method,java.lang.String)[pri:0, instance:mobile_tests.PaymentTests@4b5a5ed1]" started-at="2023-11-16T18:03:01 EST" name="setUp" finished-at="2023-11-16T18:03:23 EST" duration-ms="22775" status="PASS">
          <params>
            <param index="0">
              <value>
                <![CDATA[org.testng.TestRunner@1622f1b]]>
              </value>
            </param>
            <param index="1">
              <value>
                <![CDATA[public void mobile_tests.PaymentTests.verify_user_making_payment(java.lang.String) throws java.lang.InterruptedException]]>
              </value>
            </param>
            <param index="2">
              <value>
                <![CDATA[android]]>
              </value>
            </param>
          </params>
          <reporter-output>
          </reporter-output>
        </test-method> <!-- setUp -->
        <test-method signature="verify_user_making_payment(java.lang.String)[pri:0, instance:mobile_tests.PaymentTests@4b5a5ed1]" started-at="2023-11-16T18:03:23 EST" name="verify_user_making_payment" finished-at="2023-11-16T18:04:01 EST" duration-ms="37940" status="PASS">
          <params>
            <param index="0">
              <value>
                <![CDATA[android]]>
              </value>
            </param>
          </params>
          <reporter-output>
          </reporter-output>
        </test-method> <!-- verify_user_making_payment -->
        <test-method is-config="true" signature="tearDown(org.testng.ITestResult,java.lang.String)[pri:0, instance:mobile_tests.PaymentTests@4b5a5ed1]" started-at="2023-11-16T18:04:01 EST" name="tearDown" finished-at="2023-11-16T18:04:03 EST" duration-ms="1666" status="PASS">
          <params>
            <param index="0">
              <value>
                <![CDATA[[TestResult name=verify_user_making_payment status=SUCCESS method=PaymentTests.verify_user_making_payment(java.lang.String)[pri:0, instance:mobile_tests.PaymentTests@4b5a5ed1] output={null}]]]>
              </value>
            </param>
            <param index="1">
              <value>
                <![CDATA[android]]>
              </value>
            </param>
          </params>
          <reporter-output>
          </reporter-output>
        </test-method> <!-- tearDown -->
      </class> <!-- mobile_tests.PaymentTests -->
    </test> <!-- Test_E2E_05_Android -->
    <test started-at="2023-11-16T18:02:44 EST" name="Test_E2E_04_Android" finished-at="2023-11-16T18:04:04 EST" duration-ms="79517">
      <class name="web_tests.MainPageTests">
        <test-method is-config="true" signature="setUp(org.testng.ITestContext,java.lang.reflect.Method,java.lang.String)[pri:0, instance:web_tests.MainPageTests@6e0dec4a]" started-at="2023-11-16T18:02:44 EST" name="setUp" finished-at="2023-11-16T18:02:53 EST" duration-ms="8950" status="PASS">
          <params>
            <param index="0">
              <value>
                <![CDATA[org.testng.TestRunner@72a7c7e0]]>
              </value>
            </param>
            <param index="1">
              <value>
                <![CDATA[public void web_tests.MainPageTests.validate_title_test()]]>
              </value>
            </param>
            <param index="2">
              <value is-null="true"/>
            </param>
          </params>
          <reporter-output>
          </reporter-output>
        </test-method> <!-- setUp -->
        <test-method signature="validate_title_test()[pri:0, instance:web_tests.MainPageTests@6e0dec4a]" started-at="2023-11-16T18:02:53 EST" name="validate_title_test" finished-at="2023-11-16T18:02:56 EST" duration-ms="3013" status="PASS">
          <reporter-output>
          </reporter-output>
        </test-method> <!-- validate_title_test -->
        <test-method is-config="true" signature="tearDown(org.testng.ITestResult,java.lang.String)[pri:0, instance:web_tests.MainPageTests@6e0dec4a]" started-at="2023-11-16T18:02:56 EST" name="tearDown" finished-at="2023-11-16T18:02:57 EST" duration-ms="1264" status="PASS">
          <params>
            <param index="0">
              <value>
                <![CDATA[[TestResult name=validate_title_test status=SUCCESS method=MainPageTests.validate_title_test()[pri:0, instance:web_tests.MainPageTests@6e0dec4a] output={null}]]]>
              </value>
            </param>
            <param index="1">
              <value is-null="true"/>
            </param>
          </params>
          <reporter-output>
          </reporter-output>
        </test-method> <!-- tearDown -->
      </class> <!-- web_tests.MainPageTests -->
      <class name="mobile_tests.PaymentTests">
        <test-method is-config="true" signature="setUp(org.testng.ITestContext,java.lang.reflect.Method,java.lang.String)[pri:0, instance:mobile_tests.PaymentTests@96def03]" started-at="2023-11-16T18:02:57 EST" name="setUp" finished-at="2023-11-16T18:03:26 EST" duration-ms="28642" status="PASS">
          <params>
            <param index="0">
              <value>
                <![CDATA[org.testng.TestRunner@72a7c7e0]]>
              </value>
            </param>
            <param index="1">
              <value>
                <![CDATA[public void mobile_tests.PaymentTests.verify_user_making_payment(java.lang.String) throws java.lang.InterruptedException]]>
              </value>
            </param>
            <param index="2">
              <value>
                <![CDATA[android]]>
              </value>
            </param>
          </params>
          <reporter-output>
          </reporter-output>
        </test-method> <!-- setUp -->
        <test-method signature="verify_user_making_payment(java.lang.String)[pri:0, instance:mobile_tests.PaymentTests@96def03]" started-at="2023-11-16T18:03:26 EST" name="verify_user_making_payment" finished-at="2023-11-16T18:04:02 EST" duration-ms="36117" status="PASS">
          <params>
            <param index="0">
              <value>
                <![CDATA[android]]>
              </value>
            </param>
          </params>
          <reporter-output>
          </reporter-output>
        </test-method> <!-- verify_user_making_payment -->
        <test-method is-config="true" signature="tearDown(org.testng.ITestResult,java.lang.String)[pri:0, instance:mobile_tests.PaymentTests@96def03]" started-at="2023-11-16T18:04:02 EST" name="tearDown" finished-at="2023-11-16T18:04:04 EST" duration-ms="1459" status="PASS">
          <params>
            <param index="0">
              <value>
                <![CDATA[[TestResult name=verify_user_making_payment status=SUCCESS method=PaymentTests.verify_user_making_payment(java.lang.String)[pri:0, instance:mobile_tests.PaymentTests@96def03] output={null}]]]>
              </value>
            </param>
            <param index="1">
              <value>
                <![CDATA[android]]>
              </value>
            </param>
          </params>
          <reporter-output>
          </reporter-output>
        </test-method> <!-- tearDown -->
      </class> <!-- mobile_tests.PaymentTests -->
    </test> <!-- Test_E2E_04_Android -->
    <test started-at="2023-11-16T18:02:44 EST" name="Test_E2E_02_Android" finished-at="2023-11-16T18:04:09 EST" duration-ms="84592">
      <class name="web_tests.MainPageTests">
        <test-method is-config="true" signature="setUp(org.testng.ITestContext,java.lang.reflect.Method,java.lang.String)[pri:0, instance:web_tests.MainPageTests@161479c6]" started-at="2023-11-16T18:02:44 EST" name="setUp" finished-at="2023-11-16T18:02:55 EST" duration-ms="10778" status="PASS">
          <params>
            <param index="0">
              <value>
                <![CDATA[org.testng.TestRunner@2e4b8173]]>
              </value>
            </param>
            <param index="1">
              <value>
                <![CDATA[public void web_tests.MainPageTests.validate_title_test()]]>
              </value>
            </param>
            <param index="2">
              <value is-null="true"/>
            </param>
          </params>
          <reporter-output>
          </reporter-output>
        </test-method> <!-- setUp -->
        <test-method signature="validate_title_test()[pri:0, instance:web_tests.MainPageTests@161479c6]" started-at="2023-11-16T18:02:55 EST" name="validate_title_test" finished-at="2023-11-16T18:03:00 EST" duration-ms="5535" status="PASS">
          <reporter-output>
          </reporter-output>
        </test-method> <!-- validate_title_test -->
        <test-method is-config="true" signature="tearDown(org.testng.ITestResult,java.lang.String)[pri:0, instance:web_tests.MainPageTests@161479c6]" started-at="2023-11-16T18:03:00 EST" name="tearDown" finished-at="2023-11-16T18:03:08 EST" duration-ms="7896" status="PASS">
          <params>
            <param index="0">
              <value>
                <![CDATA[[TestResult name=validate_title_test status=SUCCESS method=MainPageTests.validate_title_test()[pri:0, instance:web_tests.MainPageTests@161479c6] output={null}]]]>
              </value>
            </param>
            <param index="1">
              <value is-null="true"/>
            </param>
          </params>
          <reporter-output>
          </reporter-output>
        </test-method> <!-- tearDown -->
      </class> <!-- web_tests.MainPageTests -->
      <class name="mobile_tests.PaymentTests">
        <test-method is-config="true" signature="setUp(org.testng.ITestContext,java.lang.reflect.Method,java.lang.String)[pri:0, instance:mobile_tests.PaymentTests@4313f5bc]" started-at="2023-11-16T18:03:08 EST" name="setUp" finished-at="2023-11-16T18:03:33 EST" duration-ms="25168" status="PASS">
          <params>
            <param index="0">
              <value>
                <![CDATA[org.testng.TestRunner@2e4b8173]]>
              </value>
            </param>
            <param index="1">
              <value>
                <![CDATA[public void mobile_tests.PaymentTests.verify_user_making_payment(java.lang.String) throws java.lang.InterruptedException]]>
              </value>
            </param>
            <param index="2">
              <value>
                <![CDATA[android]]>
              </value>
            </param>
          </params>
          <reporter-output>
          </reporter-output>
        </test-method> <!-- setUp -->
        <test-method signature="verify_user_making_payment(java.lang.String)[pri:0, instance:mobile_tests.PaymentTests@4313f5bc]" started-at="2023-11-16T18:03:33 EST" name="verify_user_making_payment" finished-at="2023-11-16T18:04:07 EST" duration-ms="33435" status="PASS">
          <params>
            <param index="0">
              <value>
                <![CDATA[android]]>
              </value>
            </param>
          </params>
          <reporter-output>
          </reporter-output>
        </test-method> <!-- verify_user_making_payment -->
        <test-method is-config="true" signature="tearDown(org.testng.ITestResult,java.lang.String)[pri:0, instance:mobile_tests.PaymentTests@4313f5bc]" started-at="2023-11-16T18:04:07 EST" name="tearDown" finished-at="2023-11-16T18:04:09 EST" duration-ms="1705" status="PASS">
          <params>
            <param index="0">
              <value>
                <![CDATA[[TestResult name=verify_user_making_payment status=SUCCESS method=PaymentTests.verify_user_making_payment(java.lang.String)[pri:0, instance:mobile_tests.PaymentTests@4313f5bc] output={null}]]]>
              </value>
            </param>
            <param index="1">
              <value>
                <![CDATA[android]]>
              </value>
            </param>
          </params>
          <reporter-output>
          </reporter-output>
        </test-method> <!-- tearDown -->
      </class> <!-- mobile_tests.PaymentTests -->
    </test> <!-- Test_E2E_02_Android -->
    <test started-at="2023-11-16T18:02:44 EST" name="Test_E2E_01_iOS" finished-at="2023-11-16T18:04:19 EST" duration-ms="94803">
      <class name="web_tests.MainPageTests">
        <test-method is-config="true" signature="setUp(org.testng.ITestContext,java.lang.reflect.Method,java.lang.String)[pri:0, instance:web_tests.MainPageTests@3967e60c]" started-at="2023-11-16T18:02:44 EST" name="setUp" finished-at="2023-11-16T18:02:53 EST" duration-ms="8882" status="PASS">
          <params>
            <param index="0">
              <value>
                <![CDATA[org.testng.TestRunner@70e8f8e]]>
              </value>
            </param>
            <param index="1">
              <value>
                <![CDATA[public void web_tests.MainPageTests.validate_title_test()]]>
              </value>
            </param>
            <param index="2">
              <value is-null="true"/>
            </param>
          </params>
          <reporter-output>
          </reporter-output>
        </test-method> <!-- setUp -->
        <test-method signature="validate_title_test()[pri:0, instance:web_tests.MainPageTests@3967e60c]" started-at="2023-11-16T18:02:53 EST" name="validate_title_test" finished-at="2023-11-16T18:02:56 EST" duration-ms="3146" status="PASS">
          <reporter-output>
          </reporter-output>
        </test-method> <!-- validate_title_test -->
        <test-method is-config="true" signature="tearDown(org.testng.ITestResult,java.lang.String)[pri:0, instance:web_tests.MainPageTests@3967e60c]" started-at="2023-11-16T18:02:56 EST" name="tearDown" finished-at="2023-11-16T18:02:58 EST" duration-ms="1479" status="PASS">
          <params>
            <param index="0">
              <value>
                <![CDATA[[TestResult name=validate_title_test status=SUCCESS method=MainPageTests.validate_title_test()[pri:0, instance:web_tests.MainPageTests@3967e60c] output={null}]]]>
              </value>
            </param>
            <param index="1">
              <value is-null="true"/>
            </param>
          </params>
          <reporter-output>
          </reporter-output>
        </test-method> <!-- tearDown -->
      </class> <!-- web_tests.MainPageTests -->
      <class name="mobile_tests.PaymentTests">
        <test-method is-config="true" signature="setUp(org.testng.ITestContext,java.lang.reflect.Method,java.lang.String)[pri:0, instance:mobile_tests.PaymentTests@60d8c9b7]" started-at="2023-11-16T18:02:58 EST" name="setUp" finished-at="2023-11-16T18:03:52 EST" duration-ms="54213" status="PASS">
          <params>
            <param index="0">
              <value>
                <![CDATA[org.testng.TestRunner@70e8f8e]]>
              </value>
            </param>
            <param index="1">
              <value>
                <![CDATA[public void mobile_tests.PaymentTests.verify_user_making_payment(java.lang.String) throws java.lang.InterruptedException]]>
              </value>
            </param>
            <param index="2">
              <value>
                <![CDATA[ios]]>
              </value>
            </param>
          </params>
          <reporter-output>
          </reporter-output>
        </test-method> <!-- setUp -->
        <test-method signature="verify_user_making_payment(java.lang.String)[pri:0, instance:mobile_tests.PaymentTests@60d8c9b7]" started-at="2023-11-16T18:03:52 EST" name="verify_user_making_payment" finished-at="2023-11-16T18:04:12 EST" duration-ms="19781" status="FAIL">
          <params>
            <param index="0">
              <value>
                <![CDATA[ios]]>
              </value>
            </param>
          </params>
          <exception class="java.lang.AssertionError">
            <message>
              <![CDATA[Amount has not been deducted. did not expect [35000] but found [35000]]]>
            </message>
            <full-stacktrace>
              <![CDATA[java.lang.AssertionError: Amount has not been deducted. did not expect [35000] but found [35000]
at org.testng.Assert.fail(Assert.java:99)
at org.testng.Assert.failEquals(Assert.java:1041)
at org.testng.Assert.assertNotEqualsImpl(Assert.java:147)
at org.testng.Assert.assertNotEquals(Assert.java:1531)
at mobile_tests.PaymentTests.verify_user_making_payment(PaymentTests.java:86)
at java.base/jdk.internal.reflect.DirectMethodHandleAccessor.invoke(DirectMethodHandleAccessor.java:103)
at java.base/java.lang.reflect.Method.invoke(Method.java:580)
at org.testng.internal.MethodInvocationHelper.invokeMethod(MethodInvocationHelper.java:133)
at org.testng.internal.TestInvoker.invokeMethod(TestInvoker.java:598)
at org.testng.internal.TestInvoker.invokeTestMethod(TestInvoker.java:173)
at org.testng.internal.MethodRunner.runInSequence(MethodRunner.java:46)
at org.testng.internal.TestInvoker$MethodInvocationAgent.invoke(TestInvoker.java:824)
at org.testng.internal.TestInvoker.invokeTestMethods(TestInvoker.java:146)
at org.testng.internal.TestMethodWorker.invokeTestMethods(TestMethodWorker.java:146)
at org.testng.internal.TestMethodWorker.run(TestMethodWorker.java:128)
at java.base/java.util.ArrayList.forEach(ArrayList.java:1596)
at org.testng.TestRunner.privateRun(TestRunner.java:794)
at org.testng.TestRunner.run(TestRunner.java:596)
at org.testng.SuiteRunner.runTest(SuiteRunner.java:377)
at org.testng.SuiteRunner.access$000(SuiteRunner.java:28)
at org.testng.SuiteRunner$SuiteWorker.run(SuiteRunner.java:418)
at org.testng.internal.thread.ThreadUtil.lambda$execute$0(ThreadUtil.java:64)
at java.base/java.util.concurrent.FutureTask.run(FutureTask.java:317)
at java.base/java.util.concurrent.ThreadPoolExecutor.runWorker(ThreadPoolExecutor.java:1144)
at java.base/java.util.concurrent.ThreadPoolExecutor$Worker.run(ThreadPoolExecutor.java:642)
at java.base/java.lang.Thread.run(Thread.java:1583)
]]>
            </full-stacktrace>
          </exception> <!-- java.lang.AssertionError -->
          <reporter-output>
          </reporter-output>
        </test-method> <!-- verify_user_making_payment -->
        <test-method is-config="true" signature="tearDown(org.testng.ITestResult,java.lang.String)[pri:0, instance:mobile_tests.PaymentTests@60d8c9b7]" started-at="2023-11-16T18:04:12 EST" name="tearDown" finished-at="2023-11-16T18:04:19 EST" duration-ms="7224" status="PASS">
          <params>
            <param index="0">
              <value>
                <![CDATA[[TestResult name=verify_user_making_payment status=FAILURE method=PaymentTests.verify_user_making_payment(java.lang.String)[pri:0, instance:mobile_tests.PaymentTests@60d8c9b7] output={null}]]]>
              </value>
            </param>
            <param index="1">
              <value>
                <![CDATA[ios]]>
              </value>
            </param>
          </params>
          <reporter-output>
          </reporter-output>
        </test-method> <!-- tearDown -->
      </class> <!-- mobile_tests.PaymentTests -->
    </test> <!-- Test_E2E_01_iOS -->
    <test started-at="2023-11-16T18:02:44 EST" name="Test_E2E_05_iOS" finished-at="2023-11-16T18:07:12 EST" duration-ms="268275">
      <class name="web_tests.MainPageTests">
        <test-method is-config="true" signature="setUp(org.testng.ITestContext,java.lang.reflect.Method,java.lang.String)[pri:0, instance:web_tests.MainPageTests@3c22fc4c]" started-at="2023-11-16T18:02:44 EST" name="setUp" finished-at="2023-11-16T18:02:55 EST" duration-ms="11204" status="PASS">
          <params>
            <param index="0">
              <value>
                <![CDATA[org.testng.TestRunner@d2cc9c1]]>
              </value>
            </param>
            <param index="1">
              <value>
                <![CDATA[public void web_tests.MainPageTests.validate_title_test()]]>
              </value>
            </param>
            <param index="2">
              <value is-null="true"/>
            </param>
          </params>
          <reporter-output>
          </reporter-output>
        </test-method> <!-- setUp -->
        <test-method signature="validate_title_test()[pri:0, instance:web_tests.MainPageTests@3c22fc4c]" started-at="2023-11-16T18:02:55 EST" name="validate_title_test" finished-at="2023-11-16T18:03:02 EST" duration-ms="7180" status="PASS">
          <reporter-output>
          </reporter-output>
        </test-method> <!-- validate_title_test -->
        <test-method is-config="true" signature="tearDown(org.testng.ITestResult,java.lang.String)[pri:0, instance:web_tests.MainPageTests@3c22fc4c]" started-at="2023-11-16T18:03:02 EST" name="tearDown" finished-at="2023-11-16T18:03:12 EST" duration-ms="9145" status="PASS">
          <params>
            <param index="0">
              <value>
                <![CDATA[[TestResult name=validate_title_test status=SUCCESS method=MainPageTests.validate_title_test()[pri:0, instance:web_tests.MainPageTests@3c22fc4c] output={null}]]]>
              </value>
            </param>
            <param index="1">
              <value is-null="true"/>
            </param>
          </params>
          <reporter-output>
          </reporter-output>
        </test-method> <!-- tearDown -->
      </class> <!-- web_tests.MainPageTests -->
      <class name="mobile_tests.PaymentTests">
        <test-method is-config="true" signature="setUp(org.testng.ITestContext,java.lang.reflect.Method,java.lang.String)[pri:0, instance:mobile_tests.PaymentTests@460d0a57]" started-at="2023-11-16T18:03:12 EST" name="setUp" finished-at="2023-11-16T18:07:12 EST" duration-ms="240672" status="FAIL">
          <params>
            <param index="0">
              <value>
                <![CDATA[org.testng.TestRunner@d2cc9c1]]>
              </value>
            </param>
            <param index="1">
              <value>
                <![CDATA[public void mobile_tests.PaymentTests.verify_user_making_payment(java.lang.String) throws java.lang.InterruptedException]]>
              </value>
            </param>
            <param index="2">
              <value>
                <![CDATA[ios]]>
              </value>
            </param>
          </params>
          <exception class="org.openqa.selenium.SessionNotCreatedException">
            <message>
              <![CDATA[Could not start a new session. Response code 500. Message: Failed to prepare the Appium OSS Infrastructure: runWDA > Cannot start run_wda after 120 retries : java.util.concurrent.ExecutionException - java.net.ConnectException: Failed to connect - received number 3, link:https://uscloud.experitest.com:443/reporter/#/test/1075/project/Art Of Testing - OSS/ 
Host info: host: 'Rahee-Khan', ip: 'fd41:8c9d:9153:c210:c8b:2aea:603c:3aaf%en0'
Build info: version: '4.15.0', revision: '1d14b5521b'
System info: os.name: 'Mac OS X', os.arch: 'x86_64', os.version: '14.0', java.version: '21.0.1'
Driver info: io.appium.java_client.ios.IOSDriver
Command: [null, newSession {capabilities=[{appium:accessKey=eyJhbGciOiJIUzI1NiJ9.eyJ4cC51Ijo5ODU3OTgwLCJ4cC5wIjoxMDk4NzU5NCwieHAubSI6MTY4OTA4MTQ5ODEzOSwiZXhwIjoyMDEwNTkwNTk4LCJpc3MiOiJjb20uZXhwZXJpdGVzdCJ9.ar3l55jlt470f5fb8CPpkFeJ_UaNQMfpzLEjmfjmyd0, appium:appiumVersion=2.1.3, appium:automationName=XCUITest, browserName=Safari, appium:deviceQuery=@os='ios' and @category='PHONE' and contains(@region, 'US'), platformName=IOS, appium:testName=verify_user_making_payment}], desiredCapabilities=Capabilities {accessKey: eyJhbGciOiJIUzI1NiJ9.eyJ4cC..., appiumVersion: 2.1.3, automationName: XCUITest, browserName: Safari, deviceQuery: @os='ios' and @category='PH..., platformName: IOS, testName: verify_user_making_payment}}]
Capabilities {accessKey: eyJhbGciOiJIUzI1NiJ9.eyJ4cC..., appiumVersion: 2.1.3, automationName: XCUITest, browserName: Safari, deviceQuery: @os='ios' and @category='PH..., platformName: IOS, testName: verify_user_making_payment}]]>
            </message>
            <full-stacktrace>
              <![CDATA[org.openqa.selenium.SessionNotCreatedException: Could not start a new session. Response code 500. Message: Failed to prepare the Appium OSS Infrastructure: runWDA > Cannot start run_wda after 120 retries : java.util.concurrent.ExecutionException - java.net.ConnectException: Failed to connect - received number 3, link:https://uscloud.experitest.com:443/reporter/#/test/1075/project/Art Of Testing - OSS/ 
Host info: host: 'Rahee-Khan', ip: 'fd41:8c9d:9153:c210:c8b:2aea:603c:3aaf%en0'
Build info: version: '4.15.0', revision: '1d14b5521b'
System info: os.name: 'Mac OS X', os.arch: 'x86_64', os.version: '14.0', java.version: '21.0.1'
Driver info: io.appium.java_client.ios.IOSDriver
Command: [null, newSession {capabilities=[{appium:accessKey=eyJhbGciOiJIUzI1NiJ9.eyJ4cC51Ijo5ODU3OTgwLCJ4cC5wIjoxMDk4NzU5NCwieHAubSI6MTY4OTA4MTQ5ODEzOSwiZXhwIjoyMDEwNTkwNTk4LCJpc3MiOiJjb20uZXhwZXJpdGVzdCJ9.ar3l55jlt470f5fb8CPpkFeJ_UaNQMfpzLEjmfjmyd0, appium:appiumVersion=2.1.3, appium:automationName=XCUITest, browserName=Safari, appium:deviceQuery=@os='ios' and @category='PHONE' and contains(@region, 'US'), platformName=IOS, appium:testName=verify_user_making_payment}], desiredCapabilities=Capabilities {accessKey: eyJhbGciOiJIUzI1NiJ9.eyJ4cC..., appiumVersion: 2.1.3, automationName: XCUITest, browserName: Safari, deviceQuery: @os='ios' and @category='PH..., platformName: IOS, testName: verify_user_making_payment}}]
Capabilities {accessKey: eyJhbGciOiJIUzI1NiJ9.eyJ4cC..., appiumVersion: 2.1.3, automationName: XCUITest, browserName: Safari, deviceQuery: @os='ios' and @category='PH..., platformName: IOS, testName: verify_user_making_payment}
at org.openqa.selenium.remote.ProtocolHandshake.createSession(ProtocolHandshake.java:140)
at java.base/jdk.internal.reflect.DirectMethodHandleAccessor.invoke(DirectMethodHandleAccessor.java:103)
at java.base/java.lang.reflect.Method.invoke(Method.java:580)
at io.appium.java_client.remote.AppiumProtocolHandshake.createSession(AppiumProtocolHandshake.java:133)
at io.appium.java_client.remote.AppiumProtocolHandshake.createSession(AppiumProtocolHandshake.java:102)
at io.appium.java_client.remote.AppiumCommandExecutor.createSession(AppiumCommandExecutor.java:194)
at io.appium.java_client.remote.AppiumCommandExecutor.execute(AppiumCommandExecutor.java:262)
at org.openqa.selenium.remote.RemoteWebDriver.execute(RemoteWebDriver.java:531)
at io.appium.java_client.AppiumDriver.startSession(AppiumDriver.java:229)
at org.openqa.selenium.remote.RemoteWebDriver.<init>(RemoteWebDriver.java:154)
at io.appium.java_client.AppiumDriver.<init>(AppiumDriver.java:80)
at io.appium.java_client.AppiumDriver.<init>(AppiumDriver.java:92)
at io.appium.java_client.ios.IOSDriver.<init>(IOSDriver.java:106)
at base.MobileDeviceDriver.setUp(MobileDeviceDriver.java:52)
at java.base/jdk.internal.reflect.DirectMethodHandleAccessor.invoke(DirectMethodHandleAccessor.java:103)
at java.base/java.lang.reflect.Method.invoke(Method.java:580)
at org.testng.internal.MethodInvocationHelper.invokeMethod(MethodInvocationHelper.java:133)
at org.testng.internal.MethodInvocationHelper.invokeMethodConsideringTimeout(MethodInvocationHelper.java:62)
at org.testng.internal.ConfigInvoker.invokeConfigurationMethod(ConfigInvoker.java:385)
at org.testng.internal.ConfigInvoker.invokeConfigurations(ConfigInvoker.java:321)
at org.testng.internal.TestInvoker.runConfigMethods(TestInvoker.java:700)
at org.testng.internal.TestInvoker.invokeMethod(TestInvoker.java:527)
at org.testng.internal.TestInvoker.invokeTestMethod(TestInvoker.java:173)
at org.testng.internal.MethodRunner.runInSequence(MethodRunner.java:46)
at org.testng.internal.TestInvoker$MethodInvocationAgent.invoke(TestInvoker.java:824)
at org.testng.internal.TestInvoker.invokeTestMethods(TestInvoker.java:146)
at org.testng.internal.TestMethodWorker.invokeTestMethods(TestMethodWorker.java:146)
at org.testng.internal.TestMethodWorker.run(TestMethodWorker.java:128)
at java.base/java.util.ArrayList.forEach(ArrayList.java:1596)
at org.testng.TestRunner.privateRun(TestRunner.java:794)
at org.testng.TestRunner.run(TestRunner.java:596)
at org.testng.SuiteRunner.runTest(SuiteRunner.java:377)
at org.testng.SuiteRunner.access$000(SuiteRunner.java:28)
at org.testng.SuiteRunner$SuiteWorker.run(SuiteRunner.java:418)
at org.testng.internal.thread.ThreadUtil.lambda$execute$0(ThreadUtil.java:64)
at java.base/java.util.concurrent.FutureTask.run(FutureTask.java:317)
at java.base/java.util.concurrent.ThreadPoolExecutor.runWorker(ThreadPoolExecutor.java:1144)
at java.base/java.util.concurrent.ThreadPoolExecutor$Worker.run(ThreadPoolExecutor.java:642)
at java.base/java.lang.Thread.run(Thread.java:1583)
]]>
            </full-stacktrace>
          </exception> <!-- org.openqa.selenium.SessionNotCreatedException -->
          <reporter-output>
          </reporter-output>
        </test-method> <!-- setUp -->
        <test-method signature="verify_user_making_payment(java.lang.String)[pri:0, instance:mobile_tests.PaymentTests@460d0a57]" started-at="2023-11-16T18:07:12 EST" name="verify_user_making_payment" finished-at="2023-11-16T18:07:12 EST" duration-ms="0" status="SKIP">
          <params>
            <param index="0">
              <value>
                <![CDATA[ios]]>
              </value>
            </param>
          </params>
          <exception class="org.openqa.selenium.SessionNotCreatedException">
            <message>
              <![CDATA[Could not start a new session. Response code 500. Message: Failed to prepare the Appium OSS Infrastructure: runWDA > Cannot start run_wda after 120 retries : java.util.concurrent.ExecutionException - java.net.ConnectException: Failed to connect - received number 3, link:https://uscloud.experitest.com:443/reporter/#/test/1075/project/Art Of Testing - OSS/ 
Host info: host: 'Rahee-Khan', ip: 'fd41:8c9d:9153:c210:c8b:2aea:603c:3aaf%en0'
Build info: version: '4.15.0', revision: '1d14b5521b'
System info: os.name: 'Mac OS X', os.arch: 'x86_64', os.version: '14.0', java.version: '21.0.1'
Driver info: io.appium.java_client.ios.IOSDriver
Command: [null, newSession {capabilities=[{appium:accessKey=eyJhbGciOiJIUzI1NiJ9.eyJ4cC51Ijo5ODU3OTgwLCJ4cC5wIjoxMDk4NzU5NCwieHAubSI6MTY4OTA4MTQ5ODEzOSwiZXhwIjoyMDEwNTkwNTk4LCJpc3MiOiJjb20uZXhwZXJpdGVzdCJ9.ar3l55jlt470f5fb8CPpkFeJ_UaNQMfpzLEjmfjmyd0, appium:appiumVersion=2.1.3, appium:automationName=XCUITest, browserName=Safari, appium:deviceQuery=@os='ios' and @category='PHONE' and contains(@region, 'US'), platformName=IOS, appium:testName=verify_user_making_payment}], desiredCapabilities=Capabilities {accessKey: eyJhbGciOiJIUzI1NiJ9.eyJ4cC..., appiumVersion: 2.1.3, automationName: XCUITest, browserName: Safari, deviceQuery: @os='ios' and @category='PH..., platformName: IOS, testName: verify_user_making_payment}}]
Capabilities {accessKey: eyJhbGciOiJIUzI1NiJ9.eyJ4cC..., appiumVersion: 2.1.3, automationName: XCUITest, browserName: Safari, deviceQuery: @os='ios' and @category='PH..., platformName: IOS, testName: verify_user_making_payment}]]>
            </message>
            <full-stacktrace>
              <![CDATA[org.openqa.selenium.SessionNotCreatedException: Could not start a new session. Response code 500. Message: Failed to prepare the Appium OSS Infrastructure: runWDA > Cannot start run_wda after 120 retries : java.util.concurrent.ExecutionException - java.net.ConnectException: Failed to connect - received number 3, link:https://uscloud.experitest.com:443/reporter/#/test/1075/project/Art Of Testing - OSS/ 
Host info: host: 'Rahee-Khan', ip: 'fd41:8c9d:9153:c210:c8b:2aea:603c:3aaf%en0'
Build info: version: '4.15.0', revision: '1d14b5521b'
System info: os.name: 'Mac OS X', os.arch: 'x86_64', os.version: '14.0', java.version: '21.0.1'
Driver info: io.appium.java_client.ios.IOSDriver
Command: [null, newSession {capabilities=[{appium:accessKey=eyJhbGciOiJIUzI1NiJ9.eyJ4cC51Ijo5ODU3OTgwLCJ4cC5wIjoxMDk4NzU5NCwieHAubSI6MTY4OTA4MTQ5ODEzOSwiZXhwIjoyMDEwNTkwNTk4LCJpc3MiOiJjb20uZXhwZXJpdGVzdCJ9.ar3l55jlt470f5fb8CPpkFeJ_UaNQMfpzLEjmfjmyd0, appium:appiumVersion=2.1.3, appium:automationName=XCUITest, browserName=Safari, appium:deviceQuery=@os='ios' and @category='PHONE' and contains(@region, 'US'), platformName=IOS, appium:testName=verify_user_making_payment}], desiredCapabilities=Capabilities {accessKey: eyJhbGciOiJIUzI1NiJ9.eyJ4cC..., appiumVersion: 2.1.3, automationName: XCUITest, browserName: Safari, deviceQuery: @os='ios' and @category='PH..., platformName: IOS, testName: verify_user_making_payment}}]
Capabilities {accessKey: eyJhbGciOiJIUzI1NiJ9.eyJ4cC..., appiumVersion: 2.1.3, automationName: XCUITest, browserName: Safari, deviceQuery: @os='ios' and @category='PH..., platformName: IOS, testName: verify_user_making_payment}
at org.openqa.selenium.remote.ProtocolHandshake.createSession(ProtocolHandshake.java:140)
at java.base/jdk.internal.reflect.DirectMethodHandleAccessor.invoke(DirectMethodHandleAccessor.java:103)
at java.base/java.lang.reflect.Method.invoke(Method.java:580)
at io.appium.java_client.remote.AppiumProtocolHandshake.createSession(AppiumProtocolHandshake.java:133)
at io.appium.java_client.remote.AppiumProtocolHandshake.createSession(AppiumProtocolHandshake.java:102)
at io.appium.java_client.remote.AppiumCommandExecutor.createSession(AppiumCommandExecutor.java:194)
at io.appium.java_client.remote.AppiumCommandExecutor.execute(AppiumCommandExecutor.java:262)
at org.openqa.selenium.remote.RemoteWebDriver.execute(RemoteWebDriver.java:531)
at io.appium.java_client.AppiumDriver.startSession(AppiumDriver.java:229)
at org.openqa.selenium.remote.RemoteWebDriver.<init>(RemoteWebDriver.java:154)
at io.appium.java_client.AppiumDriver.<init>(AppiumDriver.java:80)
at io.appium.java_client.AppiumDriver.<init>(AppiumDriver.java:92)
at io.appium.java_client.ios.IOSDriver.<init>(IOSDriver.java:106)
at base.MobileDeviceDriver.setUp(MobileDeviceDriver.java:52)
at java.base/jdk.internal.reflect.DirectMethodHandleAccessor.invoke(DirectMethodHandleAccessor.java:103)
at java.base/java.lang.reflect.Method.invoke(Method.java:580)
at org.testng.internal.MethodInvocationHelper.invokeMethod(MethodInvocationHelper.java:133)
at org.testng.internal.MethodInvocationHelper.invokeMethodConsideringTimeout(MethodInvocationHelper.java:62)
at org.testng.internal.ConfigInvoker.invokeConfigurationMethod(ConfigInvoker.java:385)
at org.testng.internal.ConfigInvoker.invokeConfigurations(ConfigInvoker.java:321)
at org.testng.internal.TestInvoker.runConfigMethods(TestInvoker.java:700)
at org.testng.internal.TestInvoker.invokeMethod(TestInvoker.java:527)
at org.testng.internal.TestInvoker.invokeTestMethod(TestInvoker.java:173)
at org.testng.internal.MethodRunner.runInSequence(MethodRunner.java:46)
at org.testng.internal.TestInvoker$MethodInvocationAgent.invoke(TestInvoker.java:824)
at org.testng.internal.TestInvoker.invokeTestMethods(TestInvoker.java:146)
at org.testng.internal.TestMethodWorker.invokeTestMethods(TestMethodWorker.java:146)
at org.testng.internal.TestMethodWorker.run(TestMethodWorker.java:128)
at java.base/java.util.ArrayList.forEach(ArrayList.java:1596)
at org.testng.TestRunner.privateRun(TestRunner.java:794)
at org.testng.TestRunner.run(TestRunner.java:596)
at org.testng.SuiteRunner.runTest(SuiteRunner.java:377)
at org.testng.SuiteRunner.access$000(SuiteRunner.java:28)
at org.testng.SuiteRunner$SuiteWorker.run(SuiteRunner.java:418)
at org.testng.internal.thread.ThreadUtil.lambda$execute$0(ThreadUtil.java:64)
at java.base/java.util.concurrent.FutureTask.run(FutureTask.java:317)
at java.base/java.util.concurrent.ThreadPoolExecutor.runWorker(ThreadPoolExecutor.java:1144)
at java.base/java.util.concurrent.ThreadPoolExecutor$Worker.run(ThreadPoolExecutor.java:642)
at java.base/java.lang.Thread.run(Thread.java:1583)
]]>
            </full-stacktrace>
          </exception> <!-- org.openqa.selenium.SessionNotCreatedException -->
          <reporter-output>
          </reporter-output>
        </test-method> <!-- verify_user_making_payment -->
        <test-method is-config="true" signature="tearDown(org.testng.ITestResult,java.lang.String)[pri:0, instance:mobile_tests.PaymentTests@460d0a57]" started-at="2023-11-16T18:07:12 EST" name="tearDown" finished-at="2023-11-16T18:07:12 EST" duration-ms="1" status="FAIL">
          <params>
            <param index="0">
              <value>
                <![CDATA[[TestResult name={null} status=CREATED method=PaymentTests.verify_user_making_payment(java.lang.String)[pri:0, instance:mobile_tests.PaymentTests@460d0a57] output={null}]]]>
              </value>
            </param>
            <param index="1">
              <value>
                <![CDATA[ios]]>
              </value>
            </param>
          </params>
          <exception class="java.lang.NullPointerException">
            <message>
              <![CDATA[Cannot invoke "org.openqa.selenium.remote.RemoteWebDriver.quit()" because the return value of "base.MobileDeviceDriver.getDriver()" is null]]>
            </message>
            <full-stacktrace>
              <![CDATA[java.lang.NullPointerException: Cannot invoke "org.openqa.selenium.remote.RemoteWebDriver.quit()" because the return value of "base.MobileDeviceDriver.getDriver()" is null
at base.MobileDeviceDriver.tearDown(MobileDeviceDriver.java:82)
at java.base/jdk.internal.reflect.DirectMethodHandleAccessor.invoke(DirectMethodHandleAccessor.java:103)
at java.base/java.lang.reflect.Method.invoke(Method.java:580)
at org.testng.internal.MethodInvocationHelper.invokeMethod(MethodInvocationHelper.java:133)
at org.testng.internal.MethodInvocationHelper.invokeMethodConsideringTimeout(MethodInvocationHelper.java:62)
at org.testng.internal.ConfigInvoker.invokeConfigurationMethod(ConfigInvoker.java:385)
at org.testng.internal.ConfigInvoker.invokeConfigurations(ConfigInvoker.java:321)
at org.testng.internal.TestInvoker.runConfigMethods(TestInvoker.java:700)
at org.testng.internal.TestInvoker.runAfterGroupsConfigurations(TestInvoker.java:676)
at org.testng.internal.TestInvoker.invokeMethod(TestInvoker.java:546)
at org.testng.internal.TestInvoker.invokeTestMethod(TestInvoker.java:173)
at org.testng.internal.MethodRunner.runInSequence(MethodRunner.java:46)
at org.testng.internal.TestInvoker$MethodInvocationAgent.invoke(TestInvoker.java:824)
at org.testng.internal.TestInvoker.invokeTestMethods(TestInvoker.java:146)
at org.testng.internal.TestMethodWorker.invokeTestMethods(TestMethodWorker.java:146)
at org.testng.internal.TestMethodWorker.run(TestMethodWorker.java:128)
at java.base/java.util.ArrayList.forEach(ArrayList.java:1596)
at org.testng.TestRunner.privateRun(TestRunner.java:794)
at org.testng.TestRunner.run(TestRunner.java:596)
at org.testng.SuiteRunner.runTest(SuiteRunner.java:377)
at org.testng.SuiteRunner.access$000(SuiteRunner.java:28)
at org.testng.SuiteRunner$SuiteWorker.run(SuiteRunner.java:418)
at org.testng.internal.thread.ThreadUtil.lambda$execute$0(ThreadUtil.java:64)
at java.base/java.util.concurrent.FutureTask.run(FutureTask.java:317)
at java.base/java.util.concurrent.ThreadPoolExecutor.runWorker(ThreadPoolExecutor.java:1144)
at java.base/java.util.concurrent.ThreadPoolExecutor$Worker.run(ThreadPoolExecutor.java:642)
at java.base/java.lang.Thread.run(Thread.java:1583)
]]>
            </full-stacktrace>
          </exception> <!-- java.lang.NullPointerException -->
          <reporter-output>
          </reporter-output>
        </test-method> <!-- tearDown -->
      </class> <!-- mobile_tests.PaymentTests -->
    </test> <!-- Test_E2E_05_iOS -->
    <test started-at="2023-11-16T18:02:44 EST" name="Test_E2E_04_iOS" finished-at="2023-11-16T18:07:18 EST" duration-ms="273873">
      <class name="web_tests.MainPageTests">
        <test-method is-config="true" signature="setUp(org.testng.ITestContext,java.lang.reflect.Method,java.lang.String)[pri:0, instance:web_tests.MainPageTests@363ee3a2]" started-at="2023-11-16T18:02:44 EST" name="setUp" finished-at="2023-11-16T18:02:54 EST" duration-ms="9797" status="PASS">
          <params>
            <param index="0">
              <value>
                <![CDATA[org.testng.TestRunner@5a63f509]]>
              </value>
            </param>
            <param index="1">
              <value>
                <![CDATA[public void web_tests.MainPageTests.validate_title_test()]]>
              </value>
            </param>
            <param index="2">
              <value is-null="true"/>
            </param>
          </params>
          <reporter-output>
          </reporter-output>
        </test-method> <!-- setUp -->
        <test-method signature="validate_title_test()[pri:0, instance:web_tests.MainPageTests@363ee3a2]" started-at="2023-11-16T18:02:54 EST" name="validate_title_test" finished-at="2023-11-16T18:03:01 EST" duration-ms="7334" status="PASS">
          <reporter-output>
          </reporter-output>
        </test-method> <!-- validate_title_test -->
        <test-method is-config="true" signature="tearDown(org.testng.ITestResult,java.lang.String)[pri:0, instance:web_tests.MainPageTests@363ee3a2]" started-at="2023-11-16T18:03:01 EST" name="tearDown" finished-at="2023-11-16T18:03:18 EST" duration-ms="16544" status="PASS">
          <params>
            <param index="0">
              <value>
                <![CDATA[[TestResult name=validate_title_test status=SUCCESS method=MainPageTests.validate_title_test()[pri:0, instance:web_tests.MainPageTests@363ee3a2] output={null}]]]>
              </value>
            </param>
            <param index="1">
              <value is-null="true"/>
            </param>
          </params>
          <reporter-output>
          </reporter-output>
        </test-method> <!-- tearDown -->
      </class> <!-- web_tests.MainPageTests -->
      <class name="mobile_tests.PaymentTests">
        <test-method is-config="true" signature="setUp(org.testng.ITestContext,java.lang.reflect.Method,java.lang.String)[pri:0, instance:mobile_tests.PaymentTests@4690b489]" started-at="2023-11-16T18:03:18 EST" name="setUp" finished-at="2023-11-16T18:06:40 EST" duration-ms="202141" status="PASS">
          <params>
            <param index="0">
              <value>
                <![CDATA[org.testng.TestRunner@5a63f509]]>
              </value>
            </param>
            <param index="1">
              <value>
                <![CDATA[public void mobile_tests.PaymentTests.verify_user_making_payment(java.lang.String) throws java.lang.InterruptedException]]>
              </value>
            </param>
            <param index="2">
              <value>
                <![CDATA[ios]]>
              </value>
            </param>
          </params>
          <reporter-output>
          </reporter-output>
        </test-method> <!-- setUp -->
        <test-method signature="verify_user_making_payment(java.lang.String)[pri:0, instance:mobile_tests.PaymentTests@4690b489]" started-at="2023-11-16T18:06:40 EST" name="verify_user_making_payment" finished-at="2023-11-16T18:07:03 EST" duration-ms="23543" status="FAIL">
          <params>
            <param index="0">
              <value>
                <![CDATA[ios]]>
              </value>
            </param>
          </params>
          <exception class="java.lang.AssertionError">
            <message>
              <![CDATA[Amount has not been deducted. did not expect [35000] but found [35000]]]>
            </message>
            <full-stacktrace>
              <![CDATA[java.lang.AssertionError: Amount has not been deducted. did not expect [35000] but found [35000]
at org.testng.Assert.fail(Assert.java:99)
at org.testng.Assert.failEquals(Assert.java:1041)
at org.testng.Assert.assertNotEqualsImpl(Assert.java:147)
at org.testng.Assert.assertNotEquals(Assert.java:1531)
at mobile_tests.PaymentTests.verify_user_making_payment(PaymentTests.java:86)
at java.base/jdk.internal.reflect.DirectMethodHandleAccessor.invoke(DirectMethodHandleAccessor.java:103)
at java.base/java.lang.reflect.Method.invoke(Method.java:580)
at org.testng.internal.MethodInvocationHelper.invokeMethod(MethodInvocationHelper.java:133)
at org.testng.internal.TestInvoker.invokeMethod(TestInvoker.java:598)
at org.testng.internal.TestInvoker.invokeTestMethod(TestInvoker.java:173)
at org.testng.internal.MethodRunner.runInSequence(MethodRunner.java:46)
at org.testng.internal.TestInvoker$MethodInvocationAgent.invoke(TestInvoker.java:824)
at org.testng.internal.TestInvoker.invokeTestMethods(TestInvoker.java:146)
at org.testng.internal.TestMethodWorker.invokeTestMethods(TestMethodWorker.java:146)
at org.testng.internal.TestMethodWorker.run(TestMethodWorker.java:128)
at java.base/java.util.ArrayList.forEach(ArrayList.java:1596)
at org.testng.TestRunner.privateRun(TestRunner.java:794)
at org.testng.TestRunner.run(TestRunner.java:596)
at org.testng.SuiteRunner.runTest(SuiteRunner.java:377)
at org.testng.SuiteRunner.access$000(SuiteRunner.java:28)
at org.testng.SuiteRunner$SuiteWorker.run(SuiteRunner.java:418)
at org.testng.internal.thread.ThreadUtil.lambda$execute$0(ThreadUtil.java:64)
at java.base/java.util.concurrent.FutureTask.run(FutureTask.java:317)
at java.base/java.util.concurrent.ThreadPoolExecutor.runWorker(ThreadPoolExecutor.java:1144)
at java.base/java.util.concurrent.ThreadPoolExecutor$Worker.run(ThreadPoolExecutor.java:642)
at java.base/java.lang.Thread.run(Thread.java:1583)
]]>
            </full-stacktrace>
          </exception> <!-- java.lang.AssertionError -->
          <reporter-output>
          </reporter-output>
        </test-method> <!-- verify_user_making_payment -->
        <test-method is-config="true" signature="tearDown(org.testng.ITestResult,java.lang.String)[pri:0, instance:mobile_tests.PaymentTests@4690b489]" started-at="2023-11-16T18:07:03 EST" name="tearDown" finished-at="2023-11-16T18:07:18 EST" duration-ms="14441" status="PASS">
          <params>
            <param index="0">
              <value>
                <![CDATA[[TestResult name=verify_user_making_payment status=FAILURE method=PaymentTests.verify_user_making_payment(java.lang.String)[pri:0, instance:mobile_tests.PaymentTests@4690b489] output={null}]]]>
              </value>
            </param>
            <param index="1">
              <value>
                <![CDATA[ios]]>
              </value>
            </param>
          </params>
          <reporter-output>
          </reporter-output>
        </test-method> <!-- tearDown -->
      </class> <!-- mobile_tests.PaymentTests -->
    </test> <!-- Test_E2E_04_iOS -->
    <test started-at="2023-11-16T18:02:44 EST" name="Test_E2E_03_iOS" finished-at="2023-11-16T18:07:21 EST" duration-ms="277163">
      <class name="web_tests.MainPageTests">
        <test-method is-config="true" signature="setUp(org.testng.ITestContext,java.lang.reflect.Method,java.lang.String)[pri:0, instance:web_tests.MainPageTests@4ddced80]" started-at="2023-11-16T18:02:44 EST" name="setUp" finished-at="2023-11-16T18:02:57 EST" duration-ms="12445" status="PASS">
          <params>
            <param index="0">
              <value>
                <![CDATA[org.testng.TestRunner@6e4784bc]]>
              </value>
            </param>
            <param index="1">
              <value>
                <![CDATA[public void web_tests.MainPageTests.validate_title_test()]]>
              </value>
            </param>
            <param index="2">
              <value is-null="true"/>
            </param>
          </params>
          <reporter-output>
          </reporter-output>
        </test-method> <!-- setUp -->
        <test-method signature="validate_title_test()[pri:0, instance:web_tests.MainPageTests@4ddced80]" started-at="2023-11-16T18:02:57 EST" name="validate_title_test" finished-at="2023-11-16T18:03:04 EST" duration-ms="7428" status="PASS">
          <reporter-output>
          </reporter-output>
        </test-method> <!-- validate_title_test -->
        <test-method is-config="true" signature="tearDown(org.testng.ITestResult,java.lang.String)[pri:0, instance:web_tests.MainPageTests@4ddced80]" started-at="2023-11-16T18:03:04 EST" name="tearDown" finished-at="2023-11-16T18:03:18 EST" duration-ms="14491" status="PASS">
          <params>
            <param index="0">
              <value>
                <![CDATA[[TestResult name=validate_title_test status=SUCCESS method=MainPageTests.validate_title_test()[pri:0, instance:web_tests.MainPageTests@4ddced80] output={null}]]]>
              </value>
            </param>
            <param index="1">
              <value is-null="true"/>
            </param>
          </params>
          <reporter-output>
          </reporter-output>
        </test-method> <!-- tearDown -->
      </class> <!-- web_tests.MainPageTests -->
      <class name="mobile_tests.PaymentTests">
        <test-method is-config="true" signature="setUp(org.testng.ITestContext,java.lang.reflect.Method,java.lang.String)[pri:0, instance:mobile_tests.PaymentTests@1534f01b]" started-at="2023-11-16T18:03:18 EST" name="setUp" finished-at="2023-11-16T18:06:42 EST" duration-ms="203560" status="PASS">
          <params>
            <param index="0">
              <value>
                <![CDATA[org.testng.TestRunner@6e4784bc]]>
              </value>
            </param>
            <param index="1">
              <value>
                <![CDATA[public void mobile_tests.PaymentTests.verify_user_making_payment(java.lang.String) throws java.lang.InterruptedException]]>
              </value>
            </param>
            <param index="2">
              <value>
                <![CDATA[ios]]>
              </value>
            </param>
          </params>
          <reporter-output>
          </reporter-output>
        </test-method> <!-- setUp -->
        <test-method signature="verify_user_making_payment(java.lang.String)[pri:0, instance:mobile_tests.PaymentTests@1534f01b]" started-at="2023-11-16T18:06:42 EST" name="verify_user_making_payment" finished-at="2023-11-16T18:07:07 EST" duration-ms="24738" status="FAIL">
          <params>
            <param index="0">
              <value>
                <![CDATA[ios]]>
              </value>
            </param>
          </params>
          <exception class="java.lang.AssertionError">
            <message>
              <![CDATA[Amount has not been deducted. did not expect [35000] but found [35000]]]>
            </message>
            <full-stacktrace>
              <![CDATA[java.lang.AssertionError: Amount has not been deducted. did not expect [35000] but found [35000]
at org.testng.Assert.fail(Assert.java:99)
at org.testng.Assert.failEquals(Assert.java:1041)
at org.testng.Assert.assertNotEqualsImpl(Assert.java:147)
at org.testng.Assert.assertNotEquals(Assert.java:1531)
at mobile_tests.PaymentTests.verify_user_making_payment(PaymentTests.java:86)
at java.base/jdk.internal.reflect.DirectMethodHandleAccessor.invoke(DirectMethodHandleAccessor.java:103)
at java.base/java.lang.reflect.Method.invoke(Method.java:580)
at org.testng.internal.MethodInvocationHelper.invokeMethod(MethodInvocationHelper.java:133)
at org.testng.internal.TestInvoker.invokeMethod(TestInvoker.java:598)
at org.testng.internal.TestInvoker.invokeTestMethod(TestInvoker.java:173)
at org.testng.internal.MethodRunner.runInSequence(MethodRunner.java:46)
at org.testng.internal.TestInvoker$MethodInvocationAgent.invoke(TestInvoker.java:824)
at org.testng.internal.TestInvoker.invokeTestMethods(TestInvoker.java:146)
at org.testng.internal.TestMethodWorker.invokeTestMethods(TestMethodWorker.java:146)
at org.testng.internal.TestMethodWorker.run(TestMethodWorker.java:128)
at java.base/java.util.ArrayList.forEach(ArrayList.java:1596)
at org.testng.TestRunner.privateRun(TestRunner.java:794)
at org.testng.TestRunner.run(TestRunner.java:596)
at org.testng.SuiteRunner.runTest(SuiteRunner.java:377)
at org.testng.SuiteRunner.access$000(SuiteRunner.java:28)
at org.testng.SuiteRunner$SuiteWorker.run(SuiteRunner.java:418)
at org.testng.internal.thread.ThreadUtil.lambda$execute$0(ThreadUtil.java:64)
at java.base/java.util.concurrent.FutureTask.run(FutureTask.java:317)
at java.base/java.util.concurrent.ThreadPoolExecutor.runWorker(ThreadPoolExecutor.java:1144)
at java.base/java.util.concurrent.ThreadPoolExecutor$Worker.run(ThreadPoolExecutor.java:642)
at java.base/java.lang.Thread.run(Thread.java:1583)
]]>
            </full-stacktrace>
          </exception> <!-- java.lang.AssertionError -->
          <reporter-output>
          </reporter-output>
        </test-method> <!-- verify_user_making_payment -->
        <test-method is-config="true" signature="tearDown(org.testng.ITestResult,java.lang.String)[pri:0, instance:mobile_tests.PaymentTests@1534f01b]" started-at="2023-11-16T18:07:07 EST" name="tearDown" finished-at="2023-11-16T18:07:21 EST" duration-ms="14431" status="PASS">
          <params>
            <param index="0">
              <value>
                <![CDATA[[TestResult name=verify_user_making_payment status=FAILURE method=PaymentTests.verify_user_making_payment(java.lang.String)[pri:0, instance:mobile_tests.PaymentTests@1534f01b] output={null}]]]>
              </value>
            </param>
            <param index="1">
              <value>
                <![CDATA[ios]]>
              </value>
            </param>
          </params>
          <reporter-output>
          </reporter-output>
        </test-method> <!-- tearDown -->
      </class> <!-- mobile_tests.PaymentTests -->
    </test> <!-- Test_E2E_03_iOS -->
    <test started-at="2023-11-16T18:02:44 EST" name="Test_E2E_02_iOS" finished-at="2023-11-16T18:58:40 EST" duration-ms="3355723">
      <class name="web_tests.MainPageTests">
        <test-method is-config="true" signature="setUp(org.testng.ITestContext,java.lang.reflect.Method,java.lang.String)[pri:0, instance:web_tests.MainPageTests@5cee5251]" started-at="2023-11-16T18:02:44 EST" name="setUp" finished-at="2023-11-16T18:02:54 EST" duration-ms="10067" status="PASS">
          <params>
            <param index="0">
              <value>
                <![CDATA[org.testng.TestRunner@5afde1cc]]>
              </value>
            </param>
            <param index="1">
              <value>
                <![CDATA[public void web_tests.MainPageTests.validate_title_test()]]>
              </value>
            </param>
            <param index="2">
              <value is-null="true"/>
            </param>
          </params>
          <reporter-output>
          </reporter-output>
        </test-method> <!-- setUp -->
        <test-method signature="validate_title_test()[pri:0, instance:web_tests.MainPageTests@5cee5251]" started-at="2023-11-16T18:02:54 EST" name="validate_title_test" finished-at="2023-11-16T18:03:03 EST" duration-ms="8928" status="PASS">
          <reporter-output>
          </reporter-output>
        </test-method> <!-- validate_title_test -->
        <test-method is-config="true" signature="tearDown(org.testng.ITestResult,java.lang.String)[pri:0, instance:web_tests.MainPageTests@5cee5251]" started-at="2023-11-16T18:03:03 EST" name="tearDown" finished-at="2023-11-16T18:03:13 EST" duration-ms="10362" status="PASS">
          <params>
            <param index="0">
              <value>
                <![CDATA[[TestResult name=validate_title_test status=SUCCESS method=MainPageTests.validate_title_test()[pri:0, instance:web_tests.MainPageTests@5cee5251] output={null}]]]>
              </value>
            </param>
            <param index="1">
              <value is-null="true"/>
            </param>
          </params>
          <reporter-output>
          </reporter-output>
        </test-method> <!-- tearDown -->
      </class> <!-- web_tests.MainPageTests -->
      <class name="mobile_tests.PaymentTests">
        <test-method is-config="true" signature="setUp(org.testng.ITestContext,java.lang.reflect.Method,java.lang.String)[pri:0, instance:mobile_tests.PaymentTests@433d61fb]" started-at="2023-11-16T18:03:13 EST" name="setUp" finished-at="2023-11-16T18:58:40 EST" duration-ms="3326292" status="FAIL">
          <params>
            <param index="0">
              <value>
                <![CDATA[org.testng.TestRunner@5afde1cc]]>
              </value>
            </param>
            <param index="1">
              <value>
                <![CDATA[public void mobile_tests.PaymentTests.verify_user_making_payment(java.lang.String) throws java.lang.InterruptedException]]>
              </value>
            </param>
            <param index="2">
              <value>
                <![CDATA[ios]]>
              </value>
            </param>
          </params>
          <exception class="org.openqa.selenium.SessionNotCreatedException">
            <message>
              <![CDATA[Could not start a new session. Possible causes are invalid address of the remote server or browser start-up failure. 
Host info: host: 'Rahee-Khan', ip: 'fd41:8c9d:9153:c210:c8b:2aea:603c:3aaf%en0']]>
            </message>
            <full-stacktrace>
              <![CDATA[org.openqa.selenium.SessionNotCreatedException: Could not start a new session. Possible causes are invalid address of the remote server or browser start-up failure. 
Host info: host: 'Rahee-Khan', ip: 'fd41:8c9d:9153:c210:c8b:2aea:603c:3aaf%en0'
at org.openqa.selenium.remote.RemoteWebDriver.execute(RemoteWebDriver.java:549)
at io.appium.java_client.AppiumDriver.startSession(AppiumDriver.java:229)
at org.openqa.selenium.remote.RemoteWebDriver.<init>(RemoteWebDriver.java:154)
at io.appium.java_client.AppiumDriver.<init>(AppiumDriver.java:80)
at io.appium.java_client.AppiumDriver.<init>(AppiumDriver.java:92)
at io.appium.java_client.ios.IOSDriver.<init>(IOSDriver.java:106)
at base.MobileDeviceDriver.setUp(MobileDeviceDriver.java:52)
at java.base/jdk.internal.reflect.DirectMethodHandleAccessor.invoke(DirectMethodHandleAccessor.java:103)
at java.base/java.lang.reflect.Method.invoke(Method.java:580)
at org.testng.internal.MethodInvocationHelper.invokeMethod(MethodInvocationHelper.java:133)
at org.testng.internal.MethodInvocationHelper.invokeMethodConsideringTimeout(MethodInvocationHelper.java:62)
at org.testng.internal.ConfigInvoker.invokeConfigurationMethod(ConfigInvoker.java:385)
at org.testng.internal.ConfigInvoker.invokeConfigurations(ConfigInvoker.java:321)
at org.testng.internal.TestInvoker.runConfigMethods(TestInvoker.java:700)
at org.testng.internal.TestInvoker.invokeMethod(TestInvoker.java:527)
at org.testng.internal.TestInvoker.invokeTestMethod(TestInvoker.java:173)
at org.testng.internal.MethodRunner.runInSequence(MethodRunner.java:46)
at org.testng.internal.TestInvoker$MethodInvocationAgent.invoke(TestInvoker.java:824)
at org.testng.internal.TestInvoker.invokeTestMethods(TestInvoker.java:146)
at org.testng.internal.TestMethodWorker.invokeTestMethods(TestMethodWorker.java:146)
at org.testng.internal.TestMethodWorker.run(TestMethodWorker.java:128)
at java.base/java.util.ArrayList.forEach(ArrayList.java:1596)
at org.testng.TestRunner.privateRun(TestRunner.java:794)
at org.testng.TestRunner.run(TestRunner.java:596)
at org.testng.SuiteRunner.runTest(SuiteRunner.java:377)
at org.testng.SuiteRunner.access$000(SuiteRunner.java:28)
at org.testng.SuiteRunner$SuiteWorker.run(SuiteRunner.java:418)
at org.testng.internal.thread.ThreadUtil.lambda$execute$0(ThreadUtil.java:64)
at java.base/java.util.concurrent.FutureTask.run(FutureTask.java:317)
at java.base/java.util.concurrent.ThreadPoolExecutor.runWorker(ThreadPoolExecutor.java:1144)
at java.base/java.util.concurrent.ThreadPoolExecutor$Worker.run(ThreadPoolExecutor.java:642)
at java.base/java.lang.Thread.run(Thread.java:1583)
Caused by: org.openqa.selenium.WebDriverException: java.lang.reflect.InvocationTargetException
Build info: version: '4.15.0', revision: '1d14b5521b'
System info: os.name: 'Mac OS X', os.arch: 'x86_64', os.version: '14.0', java.version: '21.0.1'
Driver info: driver.version: MobileDeviceDriver
at io.appium.java_client.remote.AppiumProtocolHandshake.createSession(AppiumProtocolHandshake.java:137)
at io.appium.java_client.remote.AppiumProtocolHandshake.createSession(AppiumProtocolHandshake.java:102)
at io.appium.java_client.remote.AppiumCommandExecutor.createSession(AppiumCommandExecutor.java:194)
at io.appium.java_client.remote.AppiumCommandExecutor.execute(AppiumCommandExecutor.java:262)
at org.openqa.selenium.remote.RemoteWebDriver.execute(RemoteWebDriver.java:531)
... 31 more
Caused by: java.lang.reflect.InvocationTargetException
at java.base/jdk.internal.reflect.DirectMethodHandleAccessor.invoke(DirectMethodHandleAccessor.java:118)
at java.base/java.lang.reflect.Method.invoke(Method.java:580)
at io.appium.java_client.remote.AppiumProtocolHandshake.createSession(AppiumProtocolHandshake.java:133)
... 35 more
Caused by: org.openqa.selenium.TimeoutException: java.util.concurrent.TimeoutException
Build info: version: '4.15.0', revision: '1d14b5521b'
System info: os.name: 'Mac OS X', os.arch: 'x86_64', os.version: '14.0', java.version: '21.0.1'
Driver info: driver.version: MobileDeviceDriver
at org.openqa.selenium.remote.http.netty.NettyHttpHandler.makeCall(NettyHttpHandler.java:65)
at org.openqa.selenium.remote.http.AddSeleniumUserAgent.lambda$apply$0(AddSeleniumUserAgent.java:42)
at io.appium.java_client.remote.AppiumCommandExecutor.lambda$null$0(AppiumCommandExecutor.java:199)
at org.openqa.selenium.remote.http.Filter.lambda$andFinally$1(Filter.java:55)
at org.openqa.selenium.remote.http.netty.NettyHttpHandler.execute(NettyHttpHandler.java:48)
at org.openqa.selenium.remote.http.AddSeleniumUserAgent.lambda$apply$0(AddSeleniumUserAgent.java:42)
at io.appium.java_client.remote.AppiumCommandExecutor.lambda$null$0(AppiumCommandExecutor.java:199)
at org.openqa.selenium.remote.http.Filter.lambda$andFinally$1(Filter.java:55)
at org.openqa.selenium.remote.http.netty.NettyClient.execute(NettyClient.java:97)
at org.openqa.selenium.remote.ProtocolHandshake.createSession(ProtocolHandshake.java:115)
at java.base/jdk.internal.reflect.DirectMethodHandleAccessor.invoke(DirectMethodHandleAccessor.java:103)
... 37 more
Caused by: java.util.concurrent.TimeoutException
at java.base/java.util.concurrent.CompletableFuture.timedGet(CompletableFuture.java:1960)
at java.base/java.util.concurrent.CompletableFuture.get(CompletableFuture.java:2095)
at org.asynchttpclient.netty.NettyResponseFuture.get(NettyResponseFuture.java:206)
at org.openqa.selenium.remote.http.netty.NettyHttpHandler.makeCall(NettyHttpHandler.java:59)
... 47 more
]]>
            </full-stacktrace>
          </exception> <!-- org.openqa.selenium.SessionNotCreatedException -->
          <reporter-output>
          </reporter-output>
        </test-method> <!-- setUp -->
        <test-method signature="verify_user_making_payment(java.lang.String)[pri:0, instance:mobile_tests.PaymentTests@433d61fb]" started-at="2023-11-16T18:58:40 EST" name="verify_user_making_payment" finished-at="2023-11-16T18:58:40 EST" duration-ms="0" status="SKIP">
          <params>
            <param index="0">
              <value>
                <![CDATA[ios]]>
              </value>
            </param>
          </params>
          <exception class="org.openqa.selenium.SessionNotCreatedException">
            <message>
              <![CDATA[Could not start a new session. Possible causes are invalid address of the remote server or browser start-up failure. 
Host info: host: 'Rahee-Khan', ip: 'fd41:8c9d:9153:c210:c8b:2aea:603c:3aaf%en0']]>
            </message>
            <full-stacktrace>
              <![CDATA[org.openqa.selenium.SessionNotCreatedException: Could not start a new session. Possible causes are invalid address of the remote server or browser start-up failure. 
Host info: host: 'Rahee-Khan', ip: 'fd41:8c9d:9153:c210:c8b:2aea:603c:3aaf%en0'
at org.openqa.selenium.remote.RemoteWebDriver.execute(RemoteWebDriver.java:549)
at io.appium.java_client.AppiumDriver.startSession(AppiumDriver.java:229)
at org.openqa.selenium.remote.RemoteWebDriver.<init>(RemoteWebDriver.java:154)
at io.appium.java_client.AppiumDriver.<init>(AppiumDriver.java:80)
at io.appium.java_client.AppiumDriver.<init>(AppiumDriver.java:92)
at io.appium.java_client.ios.IOSDriver.<init>(IOSDriver.java:106)
at base.MobileDeviceDriver.setUp(MobileDeviceDriver.java:52)
at java.base/jdk.internal.reflect.DirectMethodHandleAccessor.invoke(DirectMethodHandleAccessor.java:103)
at java.base/java.lang.reflect.Method.invoke(Method.java:580)
at org.testng.internal.MethodInvocationHelper.invokeMethod(MethodInvocationHelper.java:133)
at org.testng.internal.MethodInvocationHelper.invokeMethodConsideringTimeout(MethodInvocationHelper.java:62)
at org.testng.internal.ConfigInvoker.invokeConfigurationMethod(ConfigInvoker.java:385)
at org.testng.internal.ConfigInvoker.invokeConfigurations(ConfigInvoker.java:321)
at org.testng.internal.TestInvoker.runConfigMethods(TestInvoker.java:700)
at org.testng.internal.TestInvoker.invokeMethod(TestInvoker.java:527)
at org.testng.internal.TestInvoker.invokeTestMethod(TestInvoker.java:173)
at org.testng.internal.MethodRunner.runInSequence(MethodRunner.java:46)
at org.testng.internal.TestInvoker$MethodInvocationAgent.invoke(TestInvoker.java:824)
at org.testng.internal.TestInvoker.invokeTestMethods(TestInvoker.java:146)
at org.testng.internal.TestMethodWorker.invokeTestMethods(TestMethodWorker.java:146)
at org.testng.internal.TestMethodWorker.run(TestMethodWorker.java:128)
at java.base/java.util.ArrayList.forEach(ArrayList.java:1596)
at org.testng.TestRunner.privateRun(TestRunner.java:794)
at org.testng.TestRunner.run(TestRunner.java:596)
at org.testng.SuiteRunner.runTest(SuiteRunner.java:377)
at org.testng.SuiteRunner.access$000(SuiteRunner.java:28)
at org.testng.SuiteRunner$SuiteWorker.run(SuiteRunner.java:418)
at org.testng.internal.thread.ThreadUtil.lambda$execute$0(ThreadUtil.java:64)
at java.base/java.util.concurrent.FutureTask.run(FutureTask.java:317)
at java.base/java.util.concurrent.ThreadPoolExecutor.runWorker(ThreadPoolExecutor.java:1144)
at java.base/java.util.concurrent.ThreadPoolExecutor$Worker.run(ThreadPoolExecutor.java:642)
at java.base/java.lang.Thread.run(Thread.java:1583)
Caused by: org.openqa.selenium.WebDriverException: java.lang.reflect.InvocationTargetException
Build info: version: '4.15.0', revision: '1d14b5521b'
System info: os.name: 'Mac OS X', os.arch: 'x86_64', os.version: '14.0', java.version: '21.0.1'
Driver info: driver.version: MobileDeviceDriver
at io.appium.java_client.remote.AppiumProtocolHandshake.createSession(AppiumProtocolHandshake.java:137)
at io.appium.java_client.remote.AppiumProtocolHandshake.createSession(AppiumProtocolHandshake.java:102)
at io.appium.java_client.remote.AppiumCommandExecutor.createSession(AppiumCommandExecutor.java:194)
at io.appium.java_client.remote.AppiumCommandExecutor.execute(AppiumCommandExecutor.java:262)
at org.openqa.selenium.remote.RemoteWebDriver.execute(RemoteWebDriver.java:531)
... 31 more
Caused by: java.lang.reflect.InvocationTargetException
at java.base/jdk.internal.reflect.DirectMethodHandleAccessor.invoke(DirectMethodHandleAccessor.java:118)
at java.base/java.lang.reflect.Method.invoke(Method.java:580)
at io.appium.java_client.remote.AppiumProtocolHandshake.createSession(AppiumProtocolHandshake.java:133)
... 35 more
Caused by: org.openqa.selenium.TimeoutException: java.util.concurrent.TimeoutException
Build info: version: '4.15.0', revision: '1d14b5521b'
System info: os.name: 'Mac OS X', os.arch: 'x86_64', os.version: '14.0', java.version: '21.0.1'
Driver info: driver.version: MobileDeviceDriver
at org.openqa.selenium.remote.http.netty.NettyHttpHandler.makeCall(NettyHttpHandler.java:65)
at org.openqa.selenium.remote.http.AddSeleniumUserAgent.lambda$apply$0(AddSeleniumUserAgent.java:42)
at io.appium.java_client.remote.AppiumCommandExecutor.lambda$null$0(AppiumCommandExecutor.java:199)
at org.openqa.selenium.remote.http.Filter.lambda$andFinally$1(Filter.java:55)
at org.openqa.selenium.remote.http.netty.NettyHttpHandler.execute(NettyHttpHandler.java:48)
[...]
              </value>
            </param>
            <param index="1">
              <value>
                <![CDATA[chrome]]>
              </value>
            </param>
          </params>
          <reporter-output>
          </reporter-output>
        </test-method> <!-- tearDown -->
      </class> <!-- web_tests.MainPageTests -->
      <class name="web_tests.PaymentTests">
        <test-method is-config="true" signature="setUp(org.testng.ITestContext,java.lang.reflect.Method,java.lang.String)[pri:0, instance:web_tests.PaymentTests@60704c]" started-at="2023-11-16T18:03:09 EST" name="setUp" finished-at="2023-11-16T18:03:15 EST" duration-ms="5348" status="PASS">
          <params>
            <param index="0">
              <value>
                <![CDATA[org.testng.TestRunner@21de60b4]]>
              </value>
            </param>
            <param index="1">
              <value>
                <![CDATA[public void web_tests.PaymentTests.validate_user_payment_test()]]>
              </value>
            </param>
            <param index="2">
              <value>
                <![CDATA[chrome]]>
              </value>
            </param>
          </params>
          <reporter-output>
          </reporter-output>
        </test-method> <!-- setUp -->
        <test-method signature="validate_user_payment_test()[pri:0, instance:web_tests.PaymentTests@60704c]" started-at="2023-11-16T18:03:15 EST" name="validate_user_payment_test" finished-at="2023-11-16T18:04:16 EST" duration-ms="61730" status="PASS">
          <reporter-output>
          </reporter-output>
        </test-method> <!-- validate_user_payment_test -->
        <test-method is-config="true" signature="tearDown(org.testng.ITestResult,java.lang.String)[pri:0, instance:web_tests.PaymentTests@60704c]" started-at="2023-11-16T18:04:16 EST" name="tearDown" finished-at="2023-11-16T18:04:25 EST" duration-ms="9030" status="PASS">
          <params>
            <param index="0">
              <value>
                <![CDATA[[TestResult name=validate_user_payment_test status=SUCCESS method=PaymentTests.validate_user_payment_test()[pri:0, instance:web_tests.PaymentTests@60704c] output={null}]]]>
              </value>
            </param>
            <param index="1">
              <value>
                <![CDATA[chrome]]>
              </value>
            </param>
          </params>
          <reporter-output>
          </reporter-output>
        </test-method> <!-- tearDown -->
      </class> <!-- web_tests.PaymentTests -->
    </test> <!-- Test_E2E_03_Chrome -->
    <test started-at="2023-11-16T18:02:44 EST" name="Test_E2E_04_Firefox" finished-at="2023-11-16T18:09:52 EST" duration-ms="428040">
      <class name="web_tests.MainPageTests">
        <test-method is-config="true" signature="setUp(org.testng.ITestContext,java.lang.reflect.Method,java.lang.String)[pri:0, instance:web_tests.MainPageTests@14d3bc22]" started-at="2023-11-16T18:02:44 EST" name="setUp" finished-at="2023-11-16T18:02:54 EST" duration-ms="9599" status="PASS">
          <params>
            <param index="0">
              <value>
                <![CDATA[org.testng.TestRunner@c267ef4]]>
              </value>
            </param>
            <param index="1">
              <value>
                <![CDATA[public void web_tests.MainPageTests.validate_title_test()]]>
              </value>
            </param>
            <param index="2">
              <value>
                <![CDATA[firefox]]>
              </value>
            </param>
          </params>
          <reporter-output>
          </reporter-output>
        </test-method> <!-- setUp -->
        <test-method signature="validate_title_test()[pri:0, instance:web_tests.MainPageTests@14d3bc22]" started-at="2023-11-16T18:02:54 EST" name="validate_title_test" finished-at="2023-11-16T18:02:58 EST" duration-ms="4616" status="PASS">
          <reporter-output>
          </reporter-output>
        </test-method> <!-- validate_title_test -->
        <test-method is-config="true" signature="tearDown(org.testng.ITestResult,java.lang.String)[pri:0, instance:web_tests.MainPageTests@14d3bc22]" started-at="2023-11-16T18:02:58 EST" name="tearDown" finished-at="2023-11-16T18:03:06 EST" duration-ms="7866" status="PASS">
          <params>
            <param index="0">
              <value>
                <![CDATA[[TestResult name=validate_title_test status=SUCCESS method=MainPageTests.validate_title_test()[pri:0, instance:web_tests.MainPageTests@14d3bc22] output={null}]]]>
              </value>
            </param>
            <param index="1">
              <value>
                <![CDATA[firefox]]>
              </value>
            </param>
          </params>
          <reporter-output>
          </reporter-output>
        </test-method> <!-- tearDown -->
      </class> <!-- web_tests.MainPageTests -->
      <class name="web_tests.PaymentTests">
        <test-method is-config="true" signature="setUp(org.testng.ITestContext,java.lang.reflect.Method,java.lang.String)[pri:0, instance:web_tests.PaymentTests@12d4bf7e]" started-at="2023-11-16T18:03:06 EST" name="setUp" finished-at="2023-11-16T18:03:13 EST" duration-ms="7031" status="PASS">
          <params>
            <param index="0">
              <value>
                <![CDATA[org.testng.TestRunner@c267ef4]]>
              </value>
            </param>
            <param index="1">
              <value>
                <![CDATA[public void web_tests.PaymentTests.validate_user_payment_test()]]>
              </value>
            </param>
            <param index="2">
              <value>
                <![CDATA[firefox]]>
              </value>
            </param>
          </params>
          <reporter-output>
          </reporter-output>
        </test-method> <!-- setUp -->
        <test-method signature="validate_user_payment_test()[pri:0, instance:web_tests.PaymentTests@12d4bf7e]" started-at="2023-11-16T18:03:13 EST" name="validate_user_payment_test" finished-at="2023-11-16T18:06:49 EST" duration-ms="215699" status="FAIL">
          <exception class="org.openqa.selenium.TimeoutException">
            <message>
              <![CDATA[java.util.concurrent.TimeoutException
Build info: version: '4.15.0', revision: '1d14b5521b'
System info: os.name: 'Mac OS X', os.arch: 'x86_64', os.version: '14.0', java.version: '21.0.1'
Driver info: org.openqa.selenium.remote.RemoteWebDriver
Command: [daf851fb-04aa-4d33-b39a-a00ebdf6d386, findElement {using=id, value=country-arrow}]
Capabilities {acceptInsecureCerts: false, agentName: sgdemo-selmac-01, browserName: firefox, browserVersion: 118.0.2, experitest:testName: validate_user_payment_test, moz:accessibilityChecks: false, moz:buildID: 20231009140911, moz:debuggerAddress: 127.0.0.1:58869, moz:geckodriverVersion: 0.33.0, moz:headless: false, moz:platformVersion: 22.2.0, moz:processID: 79685, moz:profile: /var/folders/xg/___n2mbn5xs..., moz:shutdownTimeout: 60000, moz:webdriverClick: true, moz:windowless: false, pageLoadStrategy: normal, platformName: mac, proxy: Proxy(), reportTestId: 1072, reportUrl: https://uscloud.experitest...., se:cdp: wss://sgregion.experitest.c..., se:cdpVersion: 118.0.2, sessionId: daf851fb-04aa-4d33-b39a-a00..., setWindowRect: true, strictFileInteractability: false, timeouts: {implicit: 0, pageLoad: 300000, script: 30000}, unhandledPromptBehavior: dismiss and notify, viewUrl: https://sgregion.experitest...}
Session ID: daf851fb-04aa-4d33-b39a-a00ebdf6d386]]>
            </message>
            <full-stacktrace>
              <![CDATA[org.openqa.selenium.TimeoutException: java.util.concurrent.TimeoutException
Build info: version: '4.15.0', revision: '1d14b5521b'
System info: os.name: 'Mac OS X', os.arch: 'x86_64', os.version: '14.0', java.version: '21.0.1'
Driver info: org.openqa.selenium.remote.RemoteWebDriver
Command: [daf851fb-04aa-4d33-b39a-a00ebdf6d386, findElement {using=id, value=country-arrow}]
Capabilities {acceptInsecureCerts: false, agentName: sgdemo-selmac-01, browserName: firefox, browserVersion: 118.0.2, experitest:testName: validate_user_payment_test, moz:accessibilityChecks: false, moz:buildID: 20231009140911, moz:debuggerAddress: 127.0.0.1:58869, moz:geckodriverVersion: 0.33.0, moz:headless: false, moz:platformVersion: 22.2.0, moz:processID: 79685, moz:profile: /var/folders/xg/___n2mbn5xs..., moz:shutdownTimeout: 60000, moz:webdriverClick: true, moz:windowless: false, pageLoadStrategy: normal, platformName: mac, proxy: Proxy(), reportTestId: 1072, reportUrl: https://uscloud.experitest...., se:cdp: wss://sgregion.experitest.c..., se:cdpVersion: 118.0.2, sessionId: daf851fb-04aa-4d33-b39a-a00..., setWindowRect: true, strictFileInteractability: false, timeouts: {implicit: 0, pageLoad: 300000, script: 30000}, unhandledPromptBehavior: dismiss and notify, viewUrl: https://sgregion.experitest...}
Session ID: daf851fb-04aa-4d33-b39a-a00ebdf6d386
at org.openqa.selenium.remote.http.netty.NettyHttpHandler.makeCall(NettyHttpHandler.java:65)
at org.openqa.selenium.remote.http.AddSeleniumUserAgent.lambda$apply$0(AddSeleniumUserAgent.java:42)
at org.openqa.selenium.remote.http.Filter.lambda$andFinally$1(Filter.java:55)
at org.openqa.selenium.remote.http.netty.NettyHttpHandler.execute(NettyHttpHandler.java:48)
at org.openqa.selenium.remote.http.AddSeleniumUserAgent.lambda$apply$0(AddSeleniumUserAgent.java:42)
at org.openqa.selenium.remote.http.Filter.lambda$andFinally$1(Filter.java:55)
at org.openqa.selenium.remote.http.netty.NettyClient.execute(NettyClient.java:97)
at org.openqa.selenium.remote.tracing.TracedHttpClient.execute(TracedHttpClient.java:54)
at org.openqa.selenium.remote.HttpCommandExecutor.execute(HttpCommandExecutor.java:188)
at org.openqa.selenium.remote.TracedCommandExecutor.execute(TracedCommandExecutor.java:51)
at org.openqa.selenium.remote.RemoteWebDriver.execute(RemoteWebDriver.java:531)
at org.openqa.selenium.remote.ElementLocation$ElementFinder$2.findElement(ElementLocation.java:165)
at org.openqa.selenium.remote.ElementLocation.findElement(ElementLocation.java:66)
at org.openqa.selenium.remote.RemoteWebDriver.findElement(RemoteWebDriver.java:350)
at org.openqa.selenium.remote.RemoteWebDriver.findElement(RemoteWebDriver.java:344)
at web_tests.PaymentTests.validate_user_payment_test(PaymentTests.java:51)
at java.base/jdk.internal.reflect.DirectMethodHandleAccessor.invoke(DirectMethodHandleAccessor.java:103)
at java.base/java.lang.reflect.Method.invoke(Method.java:580)
at org.testng.internal.MethodInvocationHelper.invokeMethod(MethodInvocationHelper.java:133)
at org.testng.internal.TestInvoker.invokeMethod(TestInvoker.java:598)
at org.testng.internal.TestInvoker.invokeTestMethod(TestInvoker.java:173)
at org.testng.internal.MethodRunner.runInSequence(MethodRunner.java:46)
at org.testng.internal.TestInvoker$MethodInvocationAgent.invoke(TestInvoker.java:824)
at org.testng.internal.TestInvoker.invokeTestMethods(TestInvoker.java:146)
at org.testng.internal.TestMethodWorker.invokeTestMethods(TestMethodWorker.java:146)
at org.testng.internal.TestMethodWorker.run(TestMethodWorker.java:128)
at java.base/java.util.ArrayList.forEach(ArrayList.java:1596)
at org.testng.TestRunner.privateRun(TestRunner.java:794)
at org.testng.TestRunner.run(TestRunner.java:596)
at org.testng.SuiteRunner.runTest(SuiteRunner.java:377)
at org.testng.SuiteRunner.access$000(SuiteRunner.java:28)
at org.testng.SuiteRunner$SuiteWorker.run(SuiteRunner.java:418)
at org.testng.internal.thread.ThreadUtil.lambda$execute$0(ThreadUtil.java:64)
at java.base/java.util.concurrent.FutureTask.run(FutureTask.java:317)
at java.base/java.util.concurrent.ThreadPoolExecutor.runWorker(ThreadPoolExecutor.java:1144)
at java.base/java.util.concurrent.ThreadPoolExecutor$Worker.run(ThreadPoolExecutor.java:642)
at java.base/java.lang.Thread.run(Thread.java:1583)
Caused by: java.util.concurrent.TimeoutException
at java.base/java.util.concurrent.CompletableFuture.timedGet(CompletableFuture.java:1960)
at java.base/java.util.concurrent.CompletableFuture.get(CompletableFuture.java:2095)
at org.asynchttpclient.netty.NettyResponseFuture.get(NettyResponseFuture.java:206)
at org.openqa.selenium.remote.http.netty.NettyHttpHandler.makeCall(NettyHttpHandler.java:59)
... 36 more
]]>
            </full-stacktrace>
          </exception> <!-- org.openqa.selenium.TimeoutException -->
          <reporter-output>
          </reporter-output>
        </test-method> <!-- validate_user_payment_test -->
        <test-method is-config="true" signature="tearDown(org.testng.ITestResult,java.lang.String)[pri:0, instance:web_tests.PaymentTests@12d4bf7e]" started-at="2023-11-16T18:06:49 EST" name="tearDown" finished-at="2023-11-16T18:09:52 EST" duration-ms="183159" status="FAIL">
          <params>
            <param index="0">
              <value>
                <![CDATA[[TestResult name=validate_user_payment_test status=FAILURE method=PaymentTests.validate_user_payment_test()[pri:0, instance:web_tests.PaymentTests@12d4bf7e] output={null}]]]>
              </value>
            </param>
            <param index="1">
              <value>
                <![CDATA[firefox]]>
              </value>
            </param>
          </params>
          <exception class="org.openqa.selenium.TimeoutException">
            <message>
              <![CDATA[java.util.concurrent.TimeoutException
Build info: version: '4.15.0', revision: '1d14b5521b'
System info: os.name: 'Mac OS X', os.arch: 'x86_64', os.version: '14.0', java.version: '21.0.1'
Driver info: org.openqa.selenium.remote.RemoteWebDriver
Command: [daf851fb-04aa-4d33-b39a-a00ebdf6d386, quit {}]
Capabilities {acceptInsecureCerts: false, agentName: sgdemo-selmac-01, browserName: firefox, browserVersion: 118.0.2, experitest:testName: validate_user_payment_test, moz:accessibilityChecks: false, moz:buildID: 20231009140911, moz:debuggerAddress: 127.0.0.1:58869, moz:geckodriverVersion: 0.33.0, moz:headless: false, moz:platformVersion: 22.2.0, moz:processID: 79685, moz:profile: /var/folders/xg/___n2mbn5xs..., moz:shutdownTimeout: 60000, moz:webdriverClick: true, moz:windowless: false, pageLoadStrategy: normal, platformName: mac, proxy: Proxy(), reportTestId: 1072, reportUrl: https://uscloud.experitest...., se:cdp: wss://sgregion.experitest.c..., se:cdpVersion: 118.0.2, sessionId: daf851fb-04aa-4d33-b39a-a00..., setWindowRect: true, strictFileInteractability: false, timeouts: {implicit: 0, pageLoad: 300000, script: 30000}, unhandledPromptBehavior: dismiss and notify, viewUrl: https://sgregion.experitest...}
Session ID: daf851fb-04aa-4d33-b39a-a00ebdf6d386]]>
            </message>
            <full-stacktrace>
              <![CDATA[org.openqa.selenium.TimeoutException: java.util.concurrent.TimeoutException
Build info: version: '4.15.0', revision: '1d14b5521b'
System info: os.name: 'Mac OS X', os.arch: 'x86_64', os.version: '14.0', java.version: '21.0.1'
Driver info: org.openqa.selenium.remote.RemoteWebDriver
Command: [daf851fb-04aa-4d33-b39a-a00ebdf6d386, quit {}]
Capabilities {acceptInsecureCerts: false, agentName: sgdemo-selmac-01, browserName: firefox, browserVersion: 118.0.2, experitest:testName: validate_user_payment_test, moz:accessibilityChecks: false, moz:buildID: 20231009140911, moz:debuggerAddress: 127.0.0.1:58869, moz:geckodriverVersion: 0.33.0, moz:headless: false, moz:platformVersion: 22.2.0, moz:processID: 79685, moz:profile: /var/folders/xg/___n2mbn5xs..., moz:shutdownTimeout: 60000, moz:webdriverClick: true, moz:windowless: false, pageLoadStrategy: normal, platformName: mac, proxy: Proxy(), reportTestId: 1072, reportUrl: https://uscloud.experitest...., se:cdp: wss://sgregion.experitest.c..., se:cdpVersion: 118.0.2, sessionId: daf851fb-04aa-4d33-b39a-a00..., setWindowRect: true, strictFileInteractability: false, timeouts: {implicit: 0, pageLoad: 300000, script: 30000}, unhandledPromptBehavior: dismiss and notify, viewUrl: https://sgregion.experitest...}
Session ID: daf851fb-04aa-4d33-b39a-a00ebdf6d386
at org.openqa.selenium.remote.http.netty.NettyHttpHandler.makeCall(NettyHttpHandler.java:65)
at org.openqa.selenium.remote.http.AddSeleniumUserAgent.lambda$apply$0(AddSeleniumUserAgent.java:42)
at org.openqa.selenium.remote.http.Filter.lambda$andFinally$1(Filter.java:55)
at org.openqa.selenium.remote.http.netty.NettyHttpHandler.execute(NettyHttpHandler.java:48)
at org.openqa.selenium.remote.http.AddSeleniumUserAgent.lambda$apply$0(AddSeleniumUserAgent.java:42)
at org.openqa.selenium.remote.http.Filter.lambda$andFinally$1(Filter.java:55)
at org.openqa.selenium.remote.http.netty.NettyClient.execute(NettyClient.java:97)
at org.openqa.selenium.remote.tracing.TracedHttpClient.execute(TracedHttpClient.java:54)
at org.openqa.selenium.remote.HttpCommandExecutor.execute(HttpCommandExecutor.java:188)
at org.openqa.selenium.remote.TracedCommandExecutor.execute(TracedCommandExecutor.java:51)
at org.openqa.selenium.remote.RemoteWebDriver.execute(RemoteWebDriver.java:531)
at org.openqa.selenium.remote.RemoteWebDriver.execute(RemoteWebDriver.java:590)
at org.openqa.selenium.remote.RemoteWebDriver.execute(RemoteWebDriver.java:594)
at org.openqa.selenium.remote.RemoteWebDriver.quit(RemoteWebDriver.java:446)
at base.DesktopBrowserDriver.tearDown(DesktopBrowserDriver.java:69)
at java.base/jdk.internal.reflect.DirectMethodHandleAccessor.invoke(DirectMethodHandleAccessor.java:103)
at java.base/java.lang.reflect.Method.invoke(Method.java:580)
at org.testng.internal.MethodInvocationHelper.invokeMethod(MethodInvocationHelper.java:133)
at org.testng.internal.MethodInvocationHelper.invokeMethodConsideringTimeout(MethodInvocationHelper.java:62)
at org.testng.internal.ConfigInvoker.invokeConfigurationMethod(ConfigInvoker.java:385)
at org.testng.internal.ConfigInvoker.invokeConfigurations(ConfigInvoker.java:321)
at org.testng.internal.TestInvoker.runConfigMethods(TestInvoker.java:700)
at org.testng.internal.TestInvoker.runAfterGroupsConfigurations(TestInvoker.java:676)
at org.testng.internal.TestInvoker.invokeMethod(TestInvoker.java:660)
at org.testng.internal.TestInvoker.invokeTestMethod(TestInvoker.java:173)
at org.testng.internal.MethodRunner.runInSequence(MethodRunner.java:46)
at org.testng.internal.TestInvoker$MethodInvocationAgent.invoke(TestInvoker.java:824)
at org.testng.internal.TestInvoker.invokeTestMethods(TestInvoker.java:146)
at org.testng.internal.TestMethodWorker.invokeTestMethods(TestMethodWorker.java:146)
at org.testng.internal.TestMethodWorker.run(TestMethodWorker.java:128)
at java.base/java.util.ArrayList.forEach(ArrayList.java:1596)
at org.testng.TestRunner.privateRun(TestRunner.java:794)
at org.testng.TestRunner.run(TestRunner.java:596)
at org.testng.SuiteRunner.runTest(SuiteRunner.java:377)
at org.testng.SuiteRunner.access$000(SuiteRunner.java:28)
at org.testng.SuiteRunner$SuiteWorker.run(SuiteRunner.java:418)
at org.testng.internal.thread.ThreadUtil.lambda$execute$0(ThreadUtil.java:64)
at java.base/java.util.concurrent.FutureTask.run(FutureTask.java:317)
at java.base/java.util.concurrent.ThreadPoolExecutor.runWorker(ThreadPoolExecutor.java:1144)
at java.base/java.util.concurrent.ThreadPoolExecutor$Worker.run(ThreadPoolExecutor.java:642)
at java.base/java.lang.Thread.run(Thread.java:1583)
Caused by: java.util.concurrent.TimeoutException
at java.base/java.util.concurrent.CompletableFuture.timedGet(CompletableFuture.java:1960)
at java.base/java.util.concurrent.CompletableFuture.get(CompletableFuture.java:2095)
at org.asynchttpclient.netty.NettyResponseFuture.get(NettyResponseFuture.java:206)
at org.openqa.selenium.remote.http.netty.NettyHttpHandler.makeCall(NettyHttpHandler.java:59)
... 40 more
]]>
            </full-stacktrace>
          </exception> <!-- org.openqa.selenium.TimeoutException -->
          <reporter-output>
          </reporter-output>
        </test-method> <!-- tearDown -->
      </class> <!-- web_tests.PaymentTests -->
    </test> <!-- Test_E2E_04_Firefox -->
  </suite> <!-- Test Automation -->
</testng-results>
